{
  "/Users/others/Documents/GitHub/engine-ops/core/agent-session-manager.ts": {
    "path": "/Users/others/Documents/GitHub/engine-ops/core/agent-session-manager.ts",
    "statementMap": {
      "0": { "start": { "line": 14, "column": 0 }, "end": { "line": 14, "column": null } },
      "1": { "start": { "line": 20, "column": 0 }, "end": { "line": 20, "column": 48 } },
      "2": { "start": { "line": 30, "column": 8 }, "end": { "line": 30, "column": 34 } },
      "3": { "start": { "line": 31, "column": 8 }, "end": { "line": 31, "column": 35 } },
      "4": { "start": { "line": 39, "column": 27 }, "end": { "line": 39, "column": 71 } },
      "5": { "start": { "line": 40, "column": 8 }, "end": { "line": 44, "column": 9 } },
      "6": { "start": { "line": 41, "column": 29 }, "end": { "line": 41, "column": 100 } },
      "7": { "start": { "line": 42, "column": 12 }, "end": { "line": 42, "column": 40 } },
      "8": { "start": { "line": 43, "column": 12 }, "end": { "line": 43, "column": 38 } },
      "9": { "start": { "line": 46, "column": 52 }, "end": { "line": 46, "column": 67 } },
      "10": { "start": { "line": 49, "column": 8 }, "end": { "line": 51, "column": 9 } },
      "11": { "start": { "line": 50, "column": 12 }, "end": { "line": 50, "column": 75 } },
      "12": { "start": { "line": 54, "column": 20 }, "end": { "line": 54, "column": 44 } },
      "13": { "start": { "line": 55, "column": 38 }, "end": { "line": 62, "column": 10 } },
      "14": { "start": { "line": 65, "column": 8 }, "end": { "line": 65, "column": 46 } },
      "15": { "start": { "line": 67, "column": 8 }, "end": { "line": 69, "column": 11 } },
      "16": { "start": { "line": 71, "column": 8 }, "end": { "line": 71, "column": 23 } },
      "17": { "start": { "line": 78, "column": 8 }, "end": { "line": 78, "column": 44 } },
      "18": { "start": { "line": 88, "column": 23 }, "end": { "line": 88, "column": 57 } },
      "19": { "start": { "line": 90, "column": 8 }, "end": { "line": 92, "column": 9 } },
      "20": { "start": { "line": 91, "column": 12 }, "end": { "line": 91, "column": 85 } },
      "21": { "start": { "line": 91, "column": 46 }, "end": { "line": 91, "column": 83 } },
      "22": { "start": { "line": 94, "column": 8 }, "end": { "line": 96, "column": 9 } },
      "23": { "start": { "line": 95, "column": 12 }, "end": { "line": 95, "column": 73 } },
      "24": { "start": { "line": 95, "column": 46 }, "end": { "line": 95, "column": 71 } },
      "25": { "start": { "line": 98, "column": 8 }, "end": { "line": 98, "column": 24 } },
      "26": { "start": { "line": 110, "column": 24 }, "end": { "line": 110, "column": 52 } },
      "27": { "start": { "line": 111, "column": 8 }, "end": { "line": 113, "column": 9 } },
      "28": { "start": { "line": 112, "column": 12 }, "end": { "line": 112, "column": 62 } },
      "29": { "start": { "line": 115, "column": 8 }, "end": { "line": 115, "column": 30 } },
      "30": { "start": { "line": 116, "column": 8 }, "end": { "line": 116, "column": 53 } },
      "31": { "start": { "line": 118, "column": 8 }, "end": { "line": 120, "column": 9 } },
      "32": { "start": { "line": 119, "column": 12 }, "end": { "line": 119, "column": 36 } },
      "33": { "start": { "line": 122, "column": 8 }, "end": { "line": 124, "column": 9 } },
      "34": { "start": { "line": 123, "column": 12 }, "end": { "line": 123, "column": 34 } },
      "35": { "start": { "line": 126, "column": 8 }, "end": { "line": 126, "column": 46 } },
      "36": { "start": { "line": 128, "column": 8 }, "end": { "line": 128, "column": 75 } },
      "37": { "start": { "line": 130, "column": 8 }, "end": { "line": 130, "column": 23 } },
      "38": { "start": { "line": 137, "column": 24 }, "end": { "line": 137, "column": 55 } },
      "39": { "start": { "line": 138, "column": 8 }, "end": { "line": 140, "column": 9 } },
      "40": { "start": { "line": 139, "column": 12 }, "end": { "line": 139, "column": 62 } },
      "41": { "start": { "line": 141, "column": 8 }, "end": { "line": 141, "column": 23 } },
      "42": { "start": { "line": 152, "column": 25 }, "end": { "line": 152, "column": 59 } },
      "43": { "start": { "line": 153, "column": 47 }, "end": { "line": 153, "column": 49 } },
      "44": { "start": { "line": 154, "column": 48 }, "end": { "line": 154, "column": 50 } },
      "45": { "start": { "line": 156, "column": 8 }, "end": { "line": 159, "column": 11 } },
      "46": { "start": { "line": 157, "column": 12 }, "end": { "line": 157, "column": 81 } },
      "47": { "start": { "line": 158, "column": 12 }, "end": { "line": 158, "column": 71 } },
      "48": { "start": { "line": 161, "column": 8 }, "end": { "line": 165, "column": 10 } },
      "49": { "start": { "line": 25, "column": 0 }, "end": { "line": 25, "column": 13 } }
    },
    "fnMap": {
      "0": {
        "name": "(anonymous_0)",
        "decl": { "start": { "line": 29, "column": 4 }, "end": { "line": 29, "column": null } },
        "loc": { "start": { "line": 29, "column": 4 }, "end": { "line": 32, "column": 5 } }
      },
      "1": {
        "name": "(anonymous_1)",
        "decl": { "start": { "line": 37, "column": 4 }, "end": { "line": 37, "column": 9 } },
        "loc": { "start": { "line": 37, "column": 52 }, "end": { "line": 72, "column": 5 } }
      },
      "2": {
        "name": "(anonymous_2)",
        "decl": { "start": { "line": 77, "column": 4 }, "end": { "line": 77, "column": 14 } },
        "loc": { "start": { "line": 77, "column": 32 }, "end": { "line": 79, "column": 5 } }
      },
      "3": {
        "name": "(anonymous_3)",
        "decl": { "start": { "line": 84, "column": 4 }, "end": { "line": 84, "column": 16 } },
        "loc": { "start": { "line": 87, "column": 5 }, "end": { "line": 99, "column": 5 } }
      },
      "4": {
        "name": "(anonymous_4)",
        "decl": { "start": { "line": 91, "column": 39 }, "end": { "line": 91, "column": 40 } },
        "loc": { "start": { "line": 91, "column": 46 }, "end": { "line": 91, "column": 83 } }
      },
      "5": {
        "name": "(anonymous_5)",
        "decl": { "start": { "line": 95, "column": 39 }, "end": { "line": 95, "column": 40 } },
        "loc": { "start": { "line": 95, "column": 46 }, "end": { "line": 95, "column": 71 } }
      },
      "6": {
        "name": "(anonymous_6)",
        "decl": { "start": { "line": 104, "column": 4 }, "end": { "line": 104, "column": 9 } },
        "loc": { "start": { "line": 108, "column": 22 }, "end": { "line": 131, "column": 5 } }
      },
      "7": {
        "name": "(anonymous_7)",
        "decl": { "start": { "line": 136, "column": 4 }, "end": { "line": 136, "column": 17 } },
        "loc": { "start": { "line": 136, "column": 35 }, "end": { "line": 142, "column": 5 } }
      },
      "8": {
        "name": "(anonymous_8)",
        "decl": { "start": { "line": 147, "column": 4 }, "end": { "line": 147, "column": 12 } },
        "loc": { "start": { "line": 147, "column": 12 }, "end": { "line": 166, "column": 5 } }
      },
      "9": {
        "name": "(anonymous_9)",
        "decl": { "start": { "line": 156, "column": 25 }, "end": { "line": 156, "column": 26 } },
        "loc": { "start": { "line": 156, "column": 37 }, "end": { "line": 159, "column": 9 } }
      }
    },
    "branchMap": {
      "0": {
        "loc": { "start": { "line": 40, "column": 8 }, "end": { "line": 44, "column": 9 } },
        "type": "if",
        "locations": [
          { "start": { "line": 40, "column": 8 }, "end": { "line": 44, "column": 9 } },
          { "start": {}, "end": {} }
        ]
      },
      "1": {
        "loc": { "start": { "line": 49, "column": 8 }, "end": { "line": 51, "column": 9 } },
        "type": "if",
        "locations": [
          { "start": { "line": 49, "column": 8 }, "end": { "line": 51, "column": 9 } },
          { "start": {}, "end": {} }
        ]
      },
      "2": {
        "loc": { "start": { "line": 68, "column": 21 }, "end": { "line": 68, "column": 34 } },
        "type": "binary-expr",
        "locations": [
          { "start": { "line": 68, "column": 21 }, "end": { "line": 68, "column": 28 } },
          { "start": { "line": 68, "column": 32 }, "end": { "line": 68, "column": 34 } }
        ]
      },
      "3": {
        "loc": { "start": { "line": 90, "column": 8 }, "end": { "line": 92, "column": 9 } },
        "type": "if",
        "locations": [
          { "start": { "line": 90, "column": 8 }, "end": { "line": 92, "column": 9 } },
          { "start": {}, "end": {} }
        ]
      },
      "4": {
        "loc": { "start": { "line": 94, "column": 8 }, "end": { "line": 96, "column": 9 } },
        "type": "if",
        "locations": [
          { "start": { "line": 94, "column": 8 }, "end": { "line": 96, "column": 9 } },
          { "start": {}, "end": {} }
        ]
      },
      "5": {
        "loc": { "start": { "line": 111, "column": 8 }, "end": { "line": 113, "column": 9 } },
        "type": "if",
        "locations": [
          { "start": { "line": 111, "column": 8 }, "end": { "line": 113, "column": 9 } },
          { "start": {}, "end": {} }
        ]
      },
      "6": {
        "loc": { "start": { "line": 118, "column": 8 }, "end": { "line": 120, "column": 9 } },
        "type": "if",
        "locations": [
          { "start": { "line": 118, "column": 8 }, "end": { "line": 120, "column": 9 } },
          { "start": {}, "end": {} }
        ]
      },
      "7": {
        "loc": { "start": { "line": 122, "column": 8 }, "end": { "line": 124, "column": 9 } },
        "type": "if",
        "locations": [
          { "start": { "line": 122, "column": 8 }, "end": { "line": 124, "column": 9 } },
          { "start": {}, "end": {} }
        ]
      },
      "8": {
        "loc": { "start": { "line": 138, "column": 8 }, "end": { "line": 140, "column": 9 } },
        "type": "if",
        "locations": [
          { "start": { "line": 138, "column": 8 }, "end": { "line": 140, "column": 9 } },
          { "start": {}, "end": {} }
        ]
      },
      "9": {
        "loc": { "start": { "line": 157, "column": 43 }, "end": { "line": 157, "column": 75 } },
        "type": "binary-expr",
        "locations": [
          { "start": { "line": 157, "column": 43 }, "end": { "line": 157, "column": 70 } },
          { "start": { "line": 157, "column": 74 }, "end": { "line": 157, "column": 75 } }
        ]
      },
      "10": {
        "loc": { "start": { "line": 158, "column": 38 }, "end": { "line": 158, "column": 65 } },
        "type": "binary-expr",
        "locations": [
          { "start": { "line": 158, "column": 38 }, "end": { "line": 158, "column": 60 } },
          { "start": { "line": 158, "column": 64 }, "end": { "line": 158, "column": 65 } }
        ]
      }
    },
    "s": {
      "0": 0,
      "1": 0,
      "2": 0,
      "3": 0,
      "4": 0,
      "5": 0,
      "6": 0,
      "7": 0,
      "8": 0,
      "9": 0,
      "10": 0,
      "11": 0,
      "12": 0,
      "13": 0,
      "14": 0,
      "15": 0,
      "16": 0,
      "17": 0,
      "18": 0,
      "19": 0,
      "20": 0,
      "21": 0,
      "22": 0,
      "23": 0,
      "24": 0,
      "25": 0,
      "26": 0,
      "27": 0,
      "28": 0,
      "29": 0,
      "30": 0,
      "31": 0,
      "32": 0,
      "33": 0,
      "34": 0,
      "35": 0,
      "36": 0,
      "37": 0,
      "38": 0,
      "39": 0,
      "40": 0,
      "41": 0,
      "42": 0,
      "43": 0,
      "44": 0,
      "45": 0,
      "46": 0,
      "47": 0,
      "48": 0,
      "49": 0
    },
    "f": { "0": 0, "1": 0, "2": 0, "3": 0, "4": 0, "5": 0, "6": 0, "7": 0, "8": 0, "9": 0 },
    "b": {
      "0": [0, 0],
      "1": [0, 0],
      "2": [0, 0],
      "3": [0, 0],
      "4": [0, 0],
      "5": [0, 0],
      "6": [0, 0],
      "7": [0, 0],
      "8": [0, 0],
      "9": [0, 0],
      "10": [0, 0]
    }
  },
  "/Users/others/Documents/GitHub/engine-ops/core/engine.ts": {
    "path": "/Users/others/Documents/GitHub/engine-ops/core/engine.ts",
    "statementMap": {
      "0": { "start": { "line": 15, "column": 0 }, "end": { "line": 15, "column": 69 } },
      "1": { "start": { "line": 16, "column": 0 }, "end": { "line": 16, "column": 66 } },
      "2": { "start": { "line": 17, "column": 0 }, "end": { "line": 17, "column": 68 } },
      "3": { "start": { "line": 18, "column": 0 }, "end": { "line": 18, "column": 62 } },
      "4": { "start": { "line": 19, "column": 0 }, "end": { "line": 19, "column": 58 } },
      "5": { "start": { "line": 20, "column": 0 }, "end": { "line": 20, "column": 59 } },
      "6": { "start": { "line": 21, "column": 0 }, "end": { "line": 21, "column": 56 } },
      "7": { "start": { "line": 22, "column": 0 }, "end": { "line": 22, "column": 76 } },
      "8": { "start": { "line": 23, "column": 0 }, "end": { "line": 23, "column": 58 } },
      "9": { "start": { "line": 24, "column": 0 }, "end": { "line": 24, "column": 58 } },
      "10": { "start": { "line": 25, "column": 0 }, "end": { "line": 25, "column": 62 } },
      "11": { "start": { "line": 26, "column": 0 }, "end": { "line": 26, "column": 60 } },
      "12": { "start": { "line": 28, "column": 0 }, "end": { "line": 28, "column": 71 } },
      "13": { "start": { "line": 29, "column": 0 }, "end": { "line": 29, "column": 87 } },
      "14": { "start": { "line": 57, "column": 37 }, "end": { "line": 57, "column": 42 } },
      "15": { "start": { "line": 64, "column": 8 }, "end": { "line": 72, "column": 10 } },
      "16": { "start": { "line": 75, "column": 8 }, "end": { "line": 79, "column": 11 } },
      "17": { "start": { "line": 82, "column": 8 }, "end": { "line": 86, "column": 11 } },
      "18": { "start": { "line": 89, "column": 8 }, "end": { "line": 94, "column": 11 } },
      "19": { "start": { "line": 98, "column": 8 }, "end": { "line": 101, "column": 9 } },
      "20": { "start": { "line": 99, "column": 12 }, "end": { "line": 99, "column": 56 } },
      "21": { "start": { "line": 100, "column": 12 }, "end": { "line": 100, "column": 87 } },
      "22": { "start": { "line": 104, "column": 8 }, "end": { "line": 106, "column": 9 } },
      "23": { "start": { "line": 105, "column": 12 }, "end": { "line": 105, "column": 46 } },
      "24": { "start": { "line": 108, "column": 8 }, "end": { "line": 108, "column": 34 } },
      "25": { "start": { "line": 109, "column": 8 }, "end": { "line": 109, "column": 111 } },
      "26": { "start": { "line": 113, "column": 8 }, "end": { "line": 113, "column": 65 } },
      "27": { "start": { "line": 115, "column": 26 }, "end": { "line": 115, "column": 87 } },
      "28": { "start": { "line": 117, "column": 8 }, "end": { "line": 137, "column": 9 } },
      "29": { "start": { "line": 119, "column": 12 }, "end": { "line": 132, "column": 13 } },
      "30": { "start": { "line": 121, "column": 20 }, "end": { "line": 121, "column": 49 } },
      "31": { "start": { "line": 122, "column": 20 }, "end": { "line": 122, "column": 26 } },
      "32": { "start": { "line": 124, "column": 20 }, "end": { "line": 124, "column": 49 } },
      "33": { "start": { "line": 125, "column": 20 }, "end": { "line": 125, "column": 26 } },
      "34": { "start": { "line": 127, "column": 20 }, "end": { "line": 127, "column": 51 } },
      "35": { "start": { "line": 128, "column": 20 }, "end": { "line": 128, "column": 26 } },
      "36": { "start": { "line": 130, "column": 20 }, "end": { "line": 130, "column": 50 } },
      "37": { "start": { "line": 131, "column": 20 }, "end": { "line": 131, "column": 26 } },
      "38": { "start": { "line": 134, "column": 12 }, "end": { "line": 134, "column": 42 } },
      "39": { "start": { "line": 135, "column": 12 }, "end": { "line": 135, "column": 62 } },
      "40": { "start": { "line": 136, "column": 12 }, "end": { "line": 136, "column": 68 } },
      "41": { "start": { "line": 141, "column": 8 }, "end": { "line": 143, "column": 9 } },
      "42": { "start": { "line": 142, "column": 12 }, "end": { "line": 142, "column": 74 } },
      "43": { "start": { "line": 145, "column": 26 }, "end": { "line": 145, "column": 36 } },
      "44": { "start": { "line": 146, "column": 25 }, "end": { "line": 146, "column": 48 } },
      "45": { "start": { "line": 149, "column": 29 }, "end": { "line": 149, "column": 53 } },
      "46": { "start": { "line": 150, "column": 8 }, "end": { "line": 163, "column": 9 } },
      "47": { "start": { "line": 151, "column": 12 }, "end": { "line": 151, "column": 69 } },
      "48": { "start": { "line": 152, "column": 29 }, "end": { "line": 152, "column": 51 } },
      "49": { "start": { "line": 153, "column": 12 }, "end": { "line": 159, "column": 15 } },
      "50": { "start": { "line": 161, "column": 12 }, "end": { "line": 161, "column": 79 } },
      "51": { "start": { "line": 162, "column": 12 }, "end": { "line": 162, "column": 32 } },
      "52": { "start": { "line": 165, "column": 8 }, "end": { "line": 276, "column": 9 } },
      "53": { "start": { "line": 167, "column": 31 }, "end": { "line": 167, "column": 75 } },
      "54": { "start": { "line": 168, "column": 12 }, "end": { "line": 170, "column": 13 } },
      "55": { "start": { "line": 169, "column": 16 }, "end": { "line": 169, "column": 82 } },
      "56": { "start": { "line": 172, "column": 12 }, "end": { "line": 172, "column": 89 } },
      "57": { "start": { "line": 175, "column": 12 }, "end": { "line": 191, "column": 13 } },
      "58": { "start": { "line": 176, "column": 31 }, "end": { "line": 176, "column": 65 } },
      "59": { "start": { "line": 177, "column": 16 }, "end": { "line": 190, "column": 17 } },
      "60": { "start": { "line": 178, "column": 20 }, "end": { "line": 178, "column": 104 } },
      "61": { "start": { "line": 179, "column": 43 }, "end": { "line": 181, "column": 35 } },
      "62": { "start": { "line": 182, "column": 35 }, "end": { "line": 182, "column": 81 } },
      "63": { "start": { "line": 185, "column": 20 }, "end": { "line": 187, "column": 21 } },
      "64": { "start": { "line": 186, "column": 24 }, "end": { "line": 186, "column": 66 } },
      "65": { "start": { "line": 189, "column": 20 }, "end": { "line": 189, "column": 34 } },
      "66": { "start": { "line": 193, "column": 54 }, "end": { "line": 193, "column": 56 } },
      "67": { "start": { "line": 195, "column": 12 }, "end": { "line": 224, "column": 13 } },
      "68": { "start": { "line": 196, "column": 30 }, "end": { "line": 196, "column": 66 } },
      "69": { "start": { "line": 197, "column": 37 }, "end": { "line": 197, "column": 78 } },
      "70": { "start": { "line": 199, "column": 16 }, "end": { "line": 201, "column": 17 } },
      "71": { "start": { "line": 200, "column": 20 }, "end": { "line": 200, "column": 95 } },
      "72": { "start": { "line": 203, "column": 34 }, "end": { "line": 203, "column": 59 } },
      "73": { "start": { "line": 204, "column": 16 }, "end": { "line": 204, "column": 107 } },
      "74": { "start": { "line": 205, "column": 19 }, "end": { "line": 224, "column": 13 } },
      "75": { "start": { "line": 206, "column": 29 }, "end": { "line": 206, "column": 54 } },
      "76": { "start": { "line": 207, "column": 30 }, "end": { "line": 207, "column": 64 } },
      "77": { "start": { "line": 209, "column": 16 }, "end": { "line": 211, "column": 17 } },
      "78": { "start": { "line": 210, "column": 20 }, "end": { "line": 210, "column": 89 } },
      "79": { "start": { "line": 213, "column": 34 }, "end": { "line": 213, "column": 60 } },
      "80": { "start": { "line": 214, "column": 31 }, "end": { "line": 214, "column": 62 } },
      "81": { "start": { "line": 216, "column": 16 }, "end": { "line": 218, "column": 17 } },
      "82": { "start": { "line": 217, "column": 20 }, "end": { "line": 217, "column": 81 } },
      "83": { "start": { "line": 220, "column": 16 }, "end": { "line": 220, "column": 74 } },
      "84": { "start": { "line": 223, "column": 16 }, "end": { "line": 223, "column": 77 } },
      "85": { "start": { "line": 226, "column": 31 }, "end": { "line": 226, "column": 53 } },
      "86": { "start": { "line": 228, "column": 59 }, "end": { "line": 236, "column": 14 } },
      "87": { "start": { "line": 239, "column": 12 }, "end": { "line": 239, "column": 57 } },
      "88": { "start": { "line": 242, "column": 12 }, "end": { "line": 244, "column": 13 } },
      "89": { "start": { "line": 243, "column": 16 }, "end": { "line": 243, "column": 70 } },
      "90": { "start": { "line": 247, "column": 12 }, "end": { "line": 253, "column": 15 } },
      "91": { "start": { "line": 256, "column": 12 }, "end": { "line": 256, "column": 81 } },
      "92": { "start": { "line": 258, "column": 12 }, "end": { "line": 258, "column": 83 } },
      "93": { "start": { "line": 260, "column": 12 }, "end": { "line": 260, "column": 38 } },
      "94": { "start": { "line": 262, "column": 31 }, "end": { "line": 262, "column": 53 } },
      "95": { "start": { "line": 263, "column": 33 }, "end": { "line": 263, "column": 89 } },
      "96": { "start": { "line": 265, "column": 12 }, "end": { "line": 265, "column": 122 } },
      "97": { "start": { "line": 267, "column": 12 }, "end": { "line": 275, "column": 14 } },
      "98": { "start": { "line": 280, "column": 8 }, "end": { "line": 280, "column": 35 } },
      "99": { "start": { "line": 281, "column": 8 }, "end": { "line": 281, "column": 27 } },
      "100": { "start": { "line": 282, "column": 8 }, "end": { "line": 282, "column": 57 } },
      "101": { "start": { "line": 289, "column": 8 }, "end": { "line": 289, "column": 37 } },
      "102": { "start": { "line": 296, "column": 8 }, "end": { "line": 296, "column": 36 } },
      "103": { "start": { "line": 303, "column": 8 }, "end": { "line": 303, "column": 38 } },
      "104": { "start": { "line": 310, "column": 8 }, "end": { "line": 312, "column": 9 } },
      "105": { "start": { "line": 311, "column": 12 }, "end": { "line": 311, "column": 74 } },
      "106": { "start": { "line": 314, "column": 8 }, "end": { "line": 316, "column": 9 } },
      "107": { "start": { "line": 315, "column": 12 }, "end": { "line": 315, "column": 99 } },
      "108": { "start": { "line": 318, "column": 26 }, "end": { "line": 318, "column": 36 } },
      "109": { "start": { "line": 320, "column": 8 }, "end": { "line": 365, "column": 9 } },
      "110": { "start": { "line": 322, "column": 12 }, "end": { "line": 333, "column": 13 } },
      "111": { "start": { "line": 323, "column": 16 }, "end": { "line": 323, "column": 99 } },
      "112": { "start": { "line": 326, "column": 16 }, "end": { "line": 326, "column": 29 } },
      "113": { "start": { "line": 327, "column": 16 }, "end": { "line": 332, "column": 17 } },
      "114": { "start": { "line": 328, "column": 35 }, "end": { "line": 328, "column": 90 } },
      "115": { "start": { "line": 329, "column": 20 }, "end": { "line": 331, "column": 21 } },
      "116": { "start": { "line": 330, "column": 24 }, "end": { "line": 330, "column": 45 } },
      "117": { "start": { "line": 335, "column": 31 }, "end": { "line": 335, "column": 53 } },
      "118": { "start": { "line": 337, "column": 12 }, "end": { "line": 349, "column": 14 } },
      "119": { "start": { "line": 351, "column": 31 }, "end": { "line": 351, "column": 53 } },
      "120": { "start": { "line": 352, "column": 33 }, "end": { "line": 352, "column": 89 } },
      "121": { "start": { "line": 354, "column": 12 }, "end": { "line": 354, "column": 123 } },
      "122": { "start": { "line": 356, "column": 12 }, "end": { "line": 364, "column": 14 } },
      "123": { "start": { "line": 372, "column": 8 }, "end": { "line": 372, "column": 30 } },
      "124": { "start": { "line": 379, "column": 8 }, "end": { "line": 379, "column": 33 } },
      "125": { "start": { "line": 55, "column": 0 }, "end": { "line": 55, "column": 13 } }
    },
    "fnMap": {
      "0": {
        "name": "(anonymous_0)",
        "decl": { "start": { "line": 63, "column": 4 }, "end": { "line": 63, "column": 16 } },
        "loc": { "start": { "line": 63, "column": 41 }, "end": { "line": 95, "column": 5 } }
      },
      "1": {
        "name": "(anonymous_1)",
        "decl": { "start": { "line": 97, "column": 11 }, "end": { "line": 97, "column": 16 } },
        "loc": { "start": { "line": 97, "column": 43 }, "end": { "line": 110, "column": 5 } }
      },
      "2": {
        "name": "(anonymous_2)",
        "decl": { "start": { "line": 112, "column": 12 }, "end": { "line": 112, "column": 17 } },
        "loc": { "start": { "line": 112, "column": 38 }, "end": { "line": 138, "column": 5 } }
      },
      "3": {
        "name": "(anonymous_3)",
        "decl": { "start": { "line": 140, "column": 11 }, "end": { "line": 140, "column": 16 } },
        "loc": { "start": { "line": 140, "column": 54 }, "end": { "line": 277, "column": 5 } }
      },
      "4": {
        "name": "(anonymous_4)",
        "decl": { "start": { "line": 279, "column": 11 }, "end": { "line": 279, "column": 16 } },
        "loc": { "start": { "line": 279, "column": 25 }, "end": { "line": 283, "column": 5 } }
      },
      "5": {
        "name": "(anonymous_5)",
        "decl": { "start": { "line": 288, "column": 11 }, "end": { "line": 288, "column": 24 } },
        "loc": { "start": { "line": 288, "column": 24 }, "end": { "line": 290, "column": 5 } }
      },
      "6": {
        "name": "(anonymous_6)",
        "decl": { "start": { "line": 295, "column": 11 }, "end": { "line": 295, "column": 29 } },
        "loc": { "start": { "line": 295, "column": 29 }, "end": { "line": 297, "column": 5 } }
      },
      "7": {
        "name": "(anonymous_7)",
        "decl": { "start": { "line": 302, "column": 11 }, "end": { "line": 302, "column": 31 } },
        "loc": { "start": { "line": 302, "column": 31 }, "end": { "line": 304, "column": 5 } }
      },
      "8": {
        "name": "(anonymous_8)",
        "decl": { "start": { "line": 309, "column": 11 }, "end": { "line": 309, "column": 16 } },
        "loc": { "start": { "line": 309, "column": 101 }, "end": { "line": 366, "column": 5 } }
      },
      "9": {
        "name": "(anonymous_9)",
        "decl": { "start": { "line": 371, "column": 11 }, "end": { "line": 371, "column": 28 } },
        "loc": { "start": { "line": 371, "column": 28 }, "end": { "line": 373, "column": 5 } }
      },
      "10": {
        "name": "(anonymous_10)",
        "decl": { "start": { "line": 378, "column": 11 }, "end": { "line": 378, "column": 31 } },
        "loc": { "start": { "line": 378, "column": 31 }, "end": { "line": 380, "column": 5 } }
      }
    },
    "branchMap": {
      "0": {
        "loc": { "start": { "line": 63, "column": 16 }, "end": { "line": 63, "column": 41 } },
        "type": "default-arg",
        "locations": [
          { "start": { "line": 63, "column": 39 }, "end": { "line": 63, "column": 41 } }
        ]
      },
      "1": {
        "loc": { "start": { "line": 83, "column": 19 }, "end": { "line": 83, "column": 71 } },
        "type": "cond-expr",
        "locations": [
          { "start": { "line": 83, "column": 41 }, "end": { "line": 83, "column": 55 } },
          { "start": { "line": 83, "column": 58 }, "end": { "line": 83, "column": 71 } }
        ]
      },
      "2": {
        "loc": { "start": { "line": 98, "column": 8 }, "end": { "line": 101, "column": 9 } },
        "type": "if",
        "locations": [
          { "start": { "line": 98, "column": 8 }, "end": { "line": 101, "column": 9 } },
          { "start": {}, "end": {} }
        ]
      },
      "3": {
        "loc": { "start": { "line": 100, "column": 33 }, "end": { "line": 100, "column": 85 } },
        "type": "cond-expr",
        "locations": [
          { "start": { "line": 100, "column": 55 }, "end": { "line": 100, "column": 69 } },
          { "start": { "line": 100, "column": 72 }, "end": { "line": 100, "column": 85 } }
        ]
      },
      "4": {
        "loc": { "start": { "line": 104, "column": 8 }, "end": { "line": 106, "column": 9 } },
        "type": "if",
        "locations": [
          { "start": { "line": 104, "column": 8 }, "end": { "line": 106, "column": 9 } },
          { "start": {}, "end": {} }
        ]
      },
      "5": {
        "loc": { "start": { "line": 115, "column": 26 }, "end": { "line": 115, "column": 87 } },
        "type": "binary-expr",
        "locations": [
          { "start": { "line": 115, "column": 26 }, "end": { "line": 115, "column": 52 } },
          { "start": { "line": 115, "column": 56 }, "end": { "line": 115, "column": 87 } }
        ]
      },
      "6": {
        "loc": { "start": { "line": 119, "column": 12 }, "end": { "line": 132, "column": 13 } },
        "type": "switch",
        "locations": [
          { "start": { "line": 120, "column": 16 }, "end": { "line": 122, "column": 26 } },
          { "start": { "line": 123, "column": 16 }, "end": { "line": 125, "column": 26 } },
          { "start": { "line": 126, "column": 16 }, "end": { "line": 128, "column": 26 } },
          { "start": { "line": 129, "column": 16 }, "end": { "line": 131, "column": 26 } }
        ]
      },
      "7": {
        "loc": { "start": { "line": 141, "column": 8 }, "end": { "line": 143, "column": 9 } },
        "type": "if",
        "locations": [
          { "start": { "line": 141, "column": 8 }, "end": { "line": 143, "column": 9 } },
          { "start": {}, "end": {} }
        ]
      },
      "8": {
        "loc": { "start": { "line": 150, "column": 8 }, "end": { "line": 163, "column": 9 } },
        "type": "if",
        "locations": [
          { "start": { "line": 150, "column": 8 }, "end": { "line": 163, "column": 9 } },
          { "start": {}, "end": {} }
        ]
      },
      "9": {
        "loc": { "start": { "line": 168, "column": 12 }, "end": { "line": 170, "column": 13 } },
        "type": "if",
        "locations": [
          { "start": { "line": 168, "column": 12 }, "end": { "line": 170, "column": 13 } },
          { "start": {}, "end": {} }
        ]
      },
      "10": {
        "loc": { "start": { "line": 175, "column": 12 }, "end": { "line": 191, "column": 13 } },
        "type": "if",
        "locations": [
          { "start": { "line": 175, "column": 12 }, "end": { "line": 191, "column": 13 } },
          { "start": {}, "end": {} }
        ]
      },
      "11": {
        "loc": { "start": { "line": 177, "column": 16 }, "end": { "line": 190, "column": 17 } },
        "type": "if",
        "locations": [
          { "start": { "line": 177, "column": 16 }, "end": { "line": 190, "column": 17 } },
          { "start": {}, "end": {} }
        ]
      },
      "12": {
        "loc": { "start": { "line": 179, "column": 43 }, "end": { "line": 181, "column": 35 } },
        "type": "cond-expr",
        "locations": [
          { "start": { "line": 180, "column": 26 }, "end": { "line": 180, "column": 71 } },
          { "start": { "line": 181, "column": 26 }, "end": { "line": 181, "column": 35 } }
        ]
      },
      "13": {
        "loc": { "start": { "line": 185, "column": 20 }, "end": { "line": 187, "column": 21 } },
        "type": "if",
        "locations": [
          { "start": { "line": 185, "column": 20 }, "end": { "line": 187, "column": 21 } },
          { "start": {}, "end": {} }
        ]
      },
      "14": {
        "loc": { "start": { "line": 195, "column": 12 }, "end": { "line": 224, "column": 13 } },
        "type": "if",
        "locations": [
          { "start": { "line": 195, "column": 12 }, "end": { "line": 224, "column": 13 } },
          { "start": { "line": 205, "column": 19 }, "end": { "line": 224, "column": 13 } }
        ]
      },
      "15": {
        "loc": { "start": { "line": 199, "column": 16 }, "end": { "line": 201, "column": 17 } },
        "type": "if",
        "locations": [
          { "start": { "line": 199, "column": 16 }, "end": { "line": 201, "column": 17 } },
          { "start": {}, "end": {} }
        ]
      },
      "16": {
        "loc": { "start": { "line": 199, "column": 20 }, "end": { "line": 199, "column": 43 } },
        "type": "binary-expr",
        "locations": [
          { "start": { "line": 199, "column": 20 }, "end": { "line": 199, "column": 26 } },
          { "start": { "line": 199, "column": 30 }, "end": { "line": 199, "column": 43 } }
        ]
      },
      "17": {
        "loc": { "start": { "line": 205, "column": 19 }, "end": { "line": 224, "column": 13 } },
        "type": "if",
        "locations": [
          { "start": { "line": 205, "column": 19 }, "end": { "line": 224, "column": 13 } },
          { "start": { "line": 221, "column": 19 }, "end": { "line": 224, "column": 13 } }
        ]
      },
      "18": {
        "loc": { "start": { "line": 209, "column": 16 }, "end": { "line": 211, "column": 17 } },
        "type": "if",
        "locations": [
          { "start": { "line": 209, "column": 16 }, "end": { "line": 211, "column": 17 } },
          { "start": {}, "end": {} }
        ]
      },
      "19": {
        "loc": { "start": { "line": 209, "column": 20 }, "end": { "line": 209, "column": 35 } },
        "type": "binary-expr",
        "locations": [
          { "start": { "line": 209, "column": 20 }, "end": { "line": 209, "column": 25 } },
          { "start": { "line": 209, "column": 29 }, "end": { "line": 209, "column": 35 } }
        ]
      },
      "20": {
        "loc": { "start": { "line": 216, "column": 16 }, "end": { "line": 218, "column": 17 } },
        "type": "if",
        "locations": [
          { "start": { "line": 216, "column": 16 }, "end": { "line": 218, "column": 17 } },
          { "start": {}, "end": {} }
        ]
      },
      "21": {
        "loc": { "start": { "line": 242, "column": 12 }, "end": { "line": 244, "column": 13 } },
        "type": "if",
        "locations": [
          { "start": { "line": 242, "column": 12 }, "end": { "line": 244, "column": 13 } },
          { "start": {}, "end": {} }
        ]
      },
      "22": {
        "loc": { "start": { "line": 263, "column": 33 }, "end": { "line": 263, "column": 89 } },
        "type": "cond-expr",
        "locations": [
          { "start": { "line": 263, "column": 58 }, "end": { "line": 263, "column": 71 } },
          { "start": { "line": 263, "column": 74 }, "end": { "line": 263, "column": 89 } }
        ]
      },
      "23": {
        "loc": { "start": { "line": 265, "column": 78 }, "end": { "line": 265, "column": 120 } },
        "type": "cond-expr",
        "locations": [
          { "start": { "line": 265, "column": 103 }, "end": { "line": 265, "column": 108 } },
          { "start": { "line": 265, "column": 111 }, "end": { "line": 265, "column": 120 } }
        ]
      },
      "24": {
        "loc": { "start": { "line": 309, "column": 68 }, "end": { "line": 309, "column": 101 } },
        "type": "default-arg",
        "locations": [
          { "start": { "line": 309, "column": 97 }, "end": { "line": 309, "column": 101 } }
        ]
      },
      "25": {
        "loc": { "start": { "line": 310, "column": 8 }, "end": { "line": 312, "column": 9 } },
        "type": "if",
        "locations": [
          { "start": { "line": 310, "column": 8 }, "end": { "line": 312, "column": 9 } },
          { "start": {}, "end": {} }
        ]
      },
      "26": {
        "loc": { "start": { "line": 314, "column": 8 }, "end": { "line": 316, "column": 9 } },
        "type": "if",
        "locations": [
          { "start": { "line": 314, "column": 8 }, "end": { "line": 316, "column": 9 } },
          { "start": {}, "end": {} }
        ]
      },
      "27": {
        "loc": { "start": { "line": 322, "column": 12 }, "end": { "line": 333, "column": 13 } },
        "type": "if",
        "locations": [
          { "start": { "line": 322, "column": 12 }, "end": { "line": 333, "column": 13 } },
          { "start": { "line": 324, "column": 19 }, "end": { "line": 333, "column": 13 } }
        ]
      },
      "28": {
        "loc": { "start": { "line": 329, "column": 20 }, "end": { "line": 331, "column": 21 } },
        "type": "if",
        "locations": [
          { "start": { "line": 329, "column": 20 }, "end": { "line": 331, "column": 21 } },
          { "start": {}, "end": {} }
        ]
      },
      "29": {
        "loc": { "start": { "line": 352, "column": 33 }, "end": { "line": 352, "column": 89 } },
        "type": "cond-expr",
        "locations": [
          { "start": { "line": 352, "column": 58 }, "end": { "line": 352, "column": 71 } },
          { "start": { "line": 352, "column": 74 }, "end": { "line": 352, "column": 89 } }
        ]
      },
      "30": {
        "loc": { "start": { "line": 354, "column": 79 }, "end": { "line": 354, "column": 121 } },
        "type": "cond-expr",
        "locations": [
          { "start": { "line": 354, "column": 104 }, "end": { "line": 354, "column": 109 } },
          { "start": { "line": 354, "column": 112 }, "end": { "line": 354, "column": 121 } }
        ]
      }
    },
    "s": {
      "0": 0,
      "1": 0,
      "2": 0,
      "3": 0,
      "4": 0,
      "5": 0,
      "6": 0,
      "7": 0,
      "8": 0,
      "9": 0,
      "10": 0,
      "11": 0,
      "12": 0,
      "13": 0,
      "14": 0,
      "15": 0,
      "16": 0,
      "17": 0,
      "18": 0,
      "19": 0,
      "20": 0,
      "21": 0,
      "22": 0,
      "23": 0,
      "24": 0,
      "25": 0,
      "26": 0,
      "27": 0,
      "28": 0,
      "29": 0,
      "30": 0,
      "31": 0,
      "32": 0,
      "33": 0,
      "34": 0,
      "35": 0,
      "36": 0,
      "37": 0,
      "38": 0,
      "39": 0,
      "40": 0,
      "41": 0,
      "42": 0,
      "43": 0,
      "44": 0,
      "45": 0,
      "46": 0,
      "47": 0,
      "48": 0,
      "49": 0,
      "50": 0,
      "51": 0,
      "52": 0,
      "53": 0,
      "54": 0,
      "55": 0,
      "56": 0,
      "57": 0,
      "58": 0,
      "59": 0,
      "60": 0,
      "61": 0,
      "62": 0,
      "63": 0,
      "64": 0,
      "65": 0,
      "66": 0,
      "67": 0,
      "68": 0,
      "69": 0,
      "70": 0,
      "71": 0,
      "72": 0,
      "73": 0,
      "74": 0,
      "75": 0,
      "76": 0,
      "77": 0,
      "78": 0,
      "79": 0,
      "80": 0,
      "81": 0,
      "82": 0,
      "83": 0,
      "84": 0,
      "85": 0,
      "86": 0,
      "87": 0,
      "88": 0,
      "89": 0,
      "90": 0,
      "91": 0,
      "92": 0,
      "93": 0,
      "94": 0,
      "95": 0,
      "96": 0,
      "97": 0,
      "98": 0,
      "99": 0,
      "100": 0,
      "101": 0,
      "102": 0,
      "103": 0,
      "104": 0,
      "105": 0,
      "106": 0,
      "107": 0,
      "108": 0,
      "109": 0,
      "110": 0,
      "111": 0,
      "112": 0,
      "113": 0,
      "114": 0,
      "115": 0,
      "116": 0,
      "117": 0,
      "118": 0,
      "119": 0,
      "120": 0,
      "121": 0,
      "122": 0,
      "123": 0,
      "124": 0,
      "125": 0
    },
    "f": {
      "0": 0,
      "1": 0,
      "2": 0,
      "3": 0,
      "4": 0,
      "5": 0,
      "6": 0,
      "7": 0,
      "8": 0,
      "9": 0,
      "10": 0
    },
    "b": {
      "0": [0],
      "1": [0, 0],
      "2": [0, 0],
      "3": [0, 0],
      "4": [0, 0],
      "5": [0, 0],
      "6": [0, 0, 0, 0],
      "7": [0, 0],
      "8": [0, 0],
      "9": [0, 0],
      "10": [0, 0],
      "11": [0, 0],
      "12": [0, 0],
      "13": [0, 0],
      "14": [0, 0],
      "15": [0, 0],
      "16": [0, 0],
      "17": [0, 0],
      "18": [0, 0],
      "19": [0, 0],
      "20": [0, 0],
      "21": [0, 0],
      "22": [0, 0],
      "23": [0, 0],
      "24": [0],
      "25": [0, 0],
      "26": [0, 0],
      "27": [0, 0],
      "28": [0, 0],
      "29": [0, 0],
      "30": [0, 0]
    }
  },
  "/Users/others/Documents/GitHub/engine-ops/core/index.ts": {
    "path": "/Users/others/Documents/GitHub/engine-ops/core/index.ts",
    "statementMap": {
      "0": { "start": { "line": 14, "column": 0 }, "end": { "line": 14, "column": 32 } },
      "1": { "start": { "line": 15, "column": 0 }, "end": { "line": 15, "column": 37 } },
      "2": { "start": { "line": 16, "column": 0 }, "end": { "line": 16, "column": 28 } },
      "3": { "start": { "line": 17, "column": 0 }, "end": { "line": 17, "column": 37 } }
    },
    "fnMap": {},
    "branchMap": {},
    "s": { "0": 0, "1": 0, "2": 0, "3": 0 },
    "f": {},
    "b": {}
  },
  "/Users/others/Documents/GitHub/engine-ops/core/algorithms/bin-packing.ts": {
    "path": "/Users/others/Documents/GitHub/engine-ops/core/algorithms/bin-packing.ts",
    "statementMap": {
      "0": { "start": { "line": 42, "column": 28 }, "end": { "line": 46, "column": 10 } },
      "1": { "start": { "line": 43, "column": 27 }, "end": { "line": 43, "column": 43 } },
      "2": { "start": { "line": 44, "column": 27 }, "end": { "line": 44, "column": 43 } },
      "3": { "start": { "line": 45, "column": 12 }, "end": { "line": 45, "column": 35 } },
      "4": { "start": { "line": 48, "column": 30 }, "end": { "line": 48, "column": 32 } },
      "5": { "start": { "line": 49, "column": 46 }, "end": { "line": 49, "column": 48 } },
      "6": { "start": { "line": 51, "column": 8 }, "end": { "line": 79, "column": 9 } },
      "7": { "start": { "line": 52, "column": 25 }, "end": { "line": 52, "column": 30 } },
      "8": { "start": { "line": 55, "column": 12 }, "end": { "line": 63, "column": 13 } },
      "9": { "start": { "line": 56, "column": 16 }, "end": { "line": 62, "column": 17 } },
      "10": { "start": { "line": 57, "column": 20 }, "end": { "line": 57, "column": 42 } },
      "11": { "start": { "line": 58, "column": 20 }, "end": { "line": 58, "column": 50 } },
      "12": { "start": { "line": 59, "column": 20 }, "end": { "line": 59, "column": 56 } },
      "13": { "start": { "line": 60, "column": 20 }, "end": { "line": 60, "column": 34 } },
      "14": { "start": { "line": 61, "column": 20 }, "end": { "line": 61, "column": 26 } },
      "15": { "start": { "line": 66, "column": 12 }, "end": { "line": 78, "column": 13 } },
      "16": { "start": { "line": 67, "column": 16 }, "end": { "line": 77, "column": 17 } },
      "17": { "start": { "line": 68, "column": 42 }, "end": { "line": 73, "column": 22 } },
      "18": { "start": { "line": 74, "column": 20 }, "end": { "line": 74, "column": 40 } },
      "19": { "start": { "line": 76, "column": 20 }, "end": { "line": 76, "column": 45 } },
      "20": { "start": { "line": 81, "column": 8 }, "end": { "line": 81, "column": 40 } },
      "21": { "start": { "line": 36, "column": 0 }, "end": { "line": 36, "column": 13 } }
    },
    "fnMap": {
      "0": {
        "name": "(anonymous_0)",
        "decl": { "start": { "line": 37, "column": 11 }, "end": { "line": 37, "column": 19 } },
        "loc": { "start": { "line": 39, "column": 53 }, "end": { "line": 82, "column": 5 } }
      },
      "1": {
        "name": "(anonymous_1)",
        "decl": { "start": { "line": 42, "column": 44 }, "end": { "line": 42, "column": 45 } },
        "loc": { "start": { "line": 42, "column": 53 }, "end": { "line": 46, "column": 9 } }
      }
    },
    "branchMap": {
      "0": {
        "loc": { "start": { "line": 56, "column": 16 }, "end": { "line": 62, "column": 17 } },
        "type": "if",
        "locations": [
          { "start": { "line": 56, "column": 16 }, "end": { "line": 62, "column": 17 } },
          { "start": {}, "end": {} }
        ]
      },
      "1": {
        "loc": { "start": { "line": 56, "column": 20 }, "end": { "line": 56, "column": 88 } },
        "type": "binary-expr",
        "locations": [
          { "start": { "line": 56, "column": 20 }, "end": { "line": 56, "column": 49 } },
          { "start": { "line": 56, "column": 53 }, "end": { "line": 56, "column": 88 } }
        ]
      },
      "2": {
        "loc": { "start": { "line": 66, "column": 12 }, "end": { "line": 78, "column": 13 } },
        "type": "if",
        "locations": [
          { "start": { "line": 66, "column": 12 }, "end": { "line": 78, "column": 13 } },
          { "start": {}, "end": {} }
        ]
      },
      "3": {
        "loc": { "start": { "line": 67, "column": 16 }, "end": { "line": 77, "column": 17 } },
        "type": "if",
        "locations": [
          { "start": { "line": 67, "column": 16 }, "end": { "line": 77, "column": 17 } },
          { "start": { "line": 75, "column": 23 }, "end": { "line": 77, "column": 17 } }
        ]
      },
      "4": {
        "loc": { "start": { "line": 67, "column": 20 }, "end": { "line": 67, "column": 86 } },
        "type": "binary-expr",
        "locations": [
          { "start": { "line": 67, "column": 20 }, "end": { "line": 67, "column": 48 } },
          { "start": { "line": 67, "column": 52 }, "end": { "line": 67, "column": 86 } }
        ]
      }
    },
    "s": {
      "0": 7,
      "1": 8,
      "2": 8,
      "3": 8,
      "4": 7,
      "5": 7,
      "6": 7,
      "7": 12,
      "8": 12,
      "9": 6,
      "10": 4,
      "11": 4,
      "12": 4,
      "13": 4,
      "14": 4,
      "15": 12,
      "16": 8,
      "17": 7,
      "18": 7,
      "19": 1,
      "20": 7,
      "21": 1
    },
    "f": { "0": 7, "1": 8 },
    "b": { "0": [4, 2], "1": [6, 4], "2": [8, 4], "3": [7, 1], "4": [8, 7] }
  },
  "/Users/others/Documents/GitHub/engine-ops/core/algorithms/genetic.ts": {
    "path": "/Users/others/Documents/GitHub/engine-ops/core/algorithms/genetic.ts",
    "statementMap": {
      "0": { "start": { "line": 32, "column": 42 }, "end": { "line": 32, "column": 44 } },
      "1": { "start": { "line": 35, "column": 8 }, "end": { "line": 41, "column": 10 } },
      "2": { "start": { "line": 54, "column": 8 }, "end": { "line": 57, "column": 12 } },
      "3": { "start": { "line": 54, "column": 84 }, "end": { "line": 57, "column": 10 } },
      "4": { "start": { "line": 60, "column": 8 }, "end": { "line": 65, "column": 9 } },
      "5": { "start": { "line": 61, "column": 12 }, "end": { "line": 64, "column": 14 } },
      "6": { "start": { "line": 68, "column": 8 }, "end": { "line": 68, "column": 49 } },
      "7": { "start": { "line": 71, "column": 8 }, "end": { "line": 104, "column": 9 } },
      "8": { "start": { "line": 71, "column": 23 }, "end": { "line": 71, "column": 24 } },
      "9": { "start": { "line": 72, "column": 51 }, "end": { "line": 72, "column": 53 } },
      "10": { "start": { "line": 75, "column": 27 }, "end": { "line": 75, "column": 85 } },
      "11": { "start": { "line": 75, "column": 63 }, "end": { "line": 75, "column": 84 } },
      "12": { "start": { "line": 76, "column": 12 }, "end": { "line": 78, "column": 13 } },
      "13": { "start": { "line": 76, "column": 25 }, "end": { "line": 76, "column": 26 } },
      "14": { "start": { "line": 77, "column": 16 }, "end": { "line": 77, "column": 46 } },
      "15": { "start": { "line": 81, "column": 12 }, "end": { "line": 100, "column": 13 } },
      "16": { "start": { "line": 82, "column": 32 }, "end": { "line": 82, "column": 58 } },
      "17": { "start": { "line": 83, "column": 32 }, "end": { "line": 83, "column": 58 } },
      "18": { "start": { "line": 86, "column": 16 }, "end": { "line": 90, "column": 17 } },
      "19": { "start": { "line": 87, "column": 20 }, "end": { "line": 87, "column": 72 } },
      "20": { "start": { "line": 89, "column": 20 }, "end": { "line": 89, "column": 46 } },
      "21": { "start": { "line": 92, "column": 16 }, "end": { "line": 94, "column": 17 } },
      "22": { "start": { "line": 93, "column": 20 }, "end": { "line": 93, "column": 50 } },
      "23": { "start": { "line": 96, "column": 16 }, "end": { "line": 99, "column": 19 } },
      "24": { "start": { "line": 102, "column": 12 }, "end": { "line": 102, "column": 44 } },
      "25": { "start": { "line": 103, "column": 12 }, "end": { "line": 103, "column": 53 } },
      "26": { "start": { "line": 107, "column": 8 }, "end": { "line": 113, "column": 9 } },
      "27": { "start": { "line": 109, "column": 12 }, "end": { "line": 112, "column": 14 } },
      "28": { "start": { "line": 114, "column": 8 }, "end": { "line": 116, "column": 10 } },
      "29": { "start": { "line": 115, "column": 12 }, "end": { "line": 115, "column": 51 } },
      "30": { "start": { "line": 120, "column": 8 }, "end": { "line": 122, "column": 9 } },
      "31": { "start": { "line": 121, "column": 12 }, "end": { "line": 121, "column": 67 } },
      "32": { "start": { "line": 126, "column": 44 }, "end": { "line": 126, "column": 46 } },
      "33": { "start": { "line": 127, "column": 8 }, "end": { "line": 130, "column": 9 } },
      "34": { "start": { "line": 127, "column": 21 }, "end": { "line": 127, "column": 22 } },
      "35": { "start": { "line": 128, "column": 32 }, "end": { "line": 128, "column": 82 } },
      "36": { "start": { "line": 129, "column": 12 }, "end": { "line": 129, "column": 58 } },
      "37": { "start": { "line": 131, "column": 8 }, "end": { "line": 133, "column": 10 } },
      "38": { "start": { "line": 132, "column": 12 }, "end": { "line": 132, "column": 51 } },
      "39": { "start": { "line": 30, "column": 0 }, "end": { "line": 30, "column": 13 } }
    },
    "fnMap": {
      "0": {
        "name": "(anonymous_0)",
        "decl": { "start": { "line": 34, "column": 4 }, "end": { "line": 34, "column": 16 } },
        "loc": { "start": { "line": 34, "column": 60 }, "end": { "line": 42, "column": 5 } }
      },
      "1": {
        "name": "(anonymous_1)",
        "decl": { "start": { "line": 47, "column": 11 }, "end": { "line": 47, "column": 17 } },
        "loc": { "start": { "line": 51, "column": 31 }, "end": { "line": 117, "column": 5 } }
      },
      "2": {
        "name": "(anonymous_2)",
        "decl": { "start": { "line": 54, "column": 77 }, "end": { "line": 54, "column": 80 } },
        "loc": { "start": { "line": 54, "column": 84 }, "end": { "line": 57, "column": 10 } }
      },
      "3": {
        "name": "(anonymous_3)",
        "decl": { "start": { "line": 75, "column": 53 }, "end": { "line": 75, "column": 54 } },
        "loc": { "start": { "line": 75, "column": 63 }, "end": { "line": 75, "column": 84 } }
      },
      "4": {
        "name": "(anonymous_4)",
        "decl": { "start": { "line": 114, "column": 38 }, "end": { "line": 114, "column": 39 } },
        "loc": { "start": { "line": 115, "column": 12 }, "end": { "line": 115, "column": 51 } }
      },
      "5": {
        "name": "(anonymous_5)",
        "decl": { "start": { "line": 119, "column": 12 }, "end": { "line": 119, "column": 30 } },
        "loc": { "start": { "line": 119, "column": 68 }, "end": { "line": 123, "column": 5 } }
      },
      "6": {
        "name": "(anonymous_6)",
        "decl": { "start": { "line": 125, "column": 12 }, "end": { "line": 125, "column": 31 } },
        "loc": { "start": { "line": 125, "column": 58 }, "end": { "line": 134, "column": 5 } }
      },
      "7": {
        "name": "(anonymous_7)",
        "decl": { "start": { "line": 131, "column": 33 }, "end": { "line": 131, "column": 34 } },
        "loc": { "start": { "line": 132, "column": 12 }, "end": { "line": 132, "column": 51 } }
      }
    },
    "branchMap": {
      "0": {
        "loc": { "start": { "line": 34, "column": 16 }, "end": { "line": 34, "column": 60 } },
        "type": "default-arg",
        "locations": [
          { "start": { "line": 34, "column": 58 }, "end": { "line": 34, "column": 60 } }
        ]
      },
      "1": {
        "loc": { "start": { "line": 36, "column": 28 }, "end": { "line": 36, "column": 55 } },
        "type": "binary-expr",
        "locations": [
          { "start": { "line": 36, "column": 28 }, "end": { "line": 36, "column": 49 } },
          { "start": { "line": 36, "column": 53 }, "end": { "line": 36, "column": 55 } }
        ]
      },
      "2": {
        "loc": { "start": { "line": 37, "column": 25 }, "end": { "line": 37, "column": 50 } },
        "type": "binary-expr",
        "locations": [
          { "start": { "line": 37, "column": 25 }, "end": { "line": 37, "column": 43 } },
          { "start": { "line": 37, "column": 47 }, "end": { "line": 37, "column": 50 } }
        ]
      },
      "3": {
        "loc": { "start": { "line": 38, "column": 26 }, "end": { "line": 38, "column": 53 } },
        "type": "binary-expr",
        "locations": [
          { "start": { "line": 38, "column": 26 }, "end": { "line": 38, "column": 45 } },
          { "start": { "line": 38, "column": 49 }, "end": { "line": 38, "column": 53 } }
        ]
      },
      "4": {
        "loc": { "start": { "line": 39, "column": 27 }, "end": { "line": 39, "column": 54 } },
        "type": "binary-expr",
        "locations": [
          { "start": { "line": 39, "column": 27 }, "end": { "line": 39, "column": 47 } },
          { "start": { "line": 39, "column": 51 }, "end": { "line": 39, "column": 54 } }
        ]
      },
      "5": {
        "loc": { "start": { "line": 40, "column": 26 }, "end": { "line": 40, "column": 50 } },
        "type": "binary-expr",
        "locations": [
          { "start": { "line": 40, "column": 26 }, "end": { "line": 40, "column": 45 } },
          { "start": { "line": 40, "column": 49 }, "end": { "line": 40, "column": 50 } }
        ]
      },
      "6": {
        "loc": { "start": { "line": 60, "column": 8 }, "end": { "line": 65, "column": 9 } },
        "type": "if",
        "locations": [
          { "start": { "line": 60, "column": 8 }, "end": { "line": 65, "column": 9 } },
          { "start": {}, "end": {} }
        ]
      },
      "7": {
        "loc": { "start": { "line": 86, "column": 16 }, "end": { "line": 90, "column": 17 } },
        "type": "if",
        "locations": [
          { "start": { "line": 86, "column": 16 }, "end": { "line": 90, "column": 17 } },
          { "start": { "line": 88, "column": 23 }, "end": { "line": 90, "column": 17 } }
        ]
      },
      "8": {
        "loc": { "start": { "line": 92, "column": 16 }, "end": { "line": 94, "column": 17 } },
        "type": "if",
        "locations": [
          { "start": { "line": 92, "column": 16 }, "end": { "line": 94, "column": 17 } },
          { "start": {}, "end": {} }
        ]
      },
      "9": {
        "loc": { "start": { "line": 107, "column": 8 }, "end": { "line": 113, "column": 9 } },
        "type": "if",
        "locations": [
          { "start": { "line": 107, "column": 8 }, "end": { "line": 113, "column": 9 } },
          { "start": {}, "end": {} }
        ]
      },
      "10": {
        "loc": { "start": { "line": 115, "column": 12 }, "end": { "line": 115, "column": 51 } },
        "type": "cond-expr",
        "locations": [
          { "start": { "line": 115, "column": 41 }, "end": { "line": 115, "column": 44 } },
          { "start": { "line": 115, "column": 47 }, "end": { "line": 115, "column": 51 } }
        ]
      },
      "11": {
        "loc": { "start": { "line": 125, "column": 32 }, "end": { "line": 125, "column": 58 } },
        "type": "default-arg",
        "locations": [
          { "start": { "line": 125, "column": 57 }, "end": { "line": 125, "column": 58 } }
        ]
      },
      "12": {
        "loc": { "start": { "line": 132, "column": 12 }, "end": { "line": 132, "column": 51 } },
        "type": "cond-expr",
        "locations": [
          { "start": { "line": 132, "column": 41 }, "end": { "line": 132, "column": 44 } },
          { "start": { "line": 132, "column": 47 }, "end": { "line": 132, "column": 51 } }
        ]
      }
    },
    "s": {
      "0": 20,
      "1": 20,
      "2": 7,
      "3": 1206,
      "4": 7,
      "5": 1,
      "6": 6,
      "7": 6,
      "8": 6,
      "9": 303,
      "10": 303,
      "11": 16703,
      "12": 303,
      "13": 303,
      "14": 606,
      "15": 303,
      "16": 16400,
      "17": 16400,
      "18": 16400,
      "19": 16396,
      "20": 4,
      "21": 16400,
      "22": 0,
      "23": 16400,
      "24": 303,
      "25": 303,
      "26": 6,
      "27": 0,
      "28": 6,
      "29": 1200,
      "30": 310,
      "31": 18215,
      "32": 32802,
      "33": 32802,
      "34": 32802,
      "35": 98407,
      "36": 98407,
      "37": 32802,
      "38": 65605,
      "39": 1
    },
    "f": { "0": 20, "1": 7, "2": 1206, "3": 16703, "4": 1200, "5": 310, "6": 32802, "7": 65605 },
    "b": {
      "0": [14],
      "1": [20, 15],
      "2": [20, 15],
      "3": [20, 18],
      "4": [20, 18],
      "5": [20, 18],
      "6": [1, 6],
      "7": [16396, 4],
      "8": [0, 16400],
      "9": [0, 6],
      "10": [0, 1200],
      "11": [32800],
      "12": [0, 65605]
    }
  },
  "/Users/others/Documents/GitHub/engine-ops/core/algorithms/least-loaded.ts": {
    "path": "/Users/others/Documents/GitHub/engine-ops/core/algorithms/least-loaded.ts",
    "statementMap": {
      "0": { "start": { "line": 40, "column": 8 }, "end": { "line": 42, "column": 9 } },
      "1": { "start": { "line": 41, "column": 12 }, "end": { "line": 41, "column": 24 } },
      "2": { "start": { "line": 45, "column": 28 }, "end": { "line": 49, "column": 10 } },
      "3": { "start": { "line": 46, "column": 26 }, "end": { "line": 46, "column": 50 } },
      "4": { "start": { "line": 47, "column": 26 }, "end": { "line": 47, "column": 50 } },
      "5": { "start": { "line": 48, "column": 12 }, "end": { "line": 48, "column": 33 } },
      "6": { "start": { "line": 52, "column": 25 }, "end": { "line": 52, "column": 39 } },
      "7": { "start": { "line": 57, "column": 29 }, "end": { "line": 57, "column": 79 } },
      "8": { "start": { "line": 58, "column": 32 }, "end": { "line": 58, "column": 88 } },
      "9": { "start": { "line": 60, "column": 8 }, "end": { "line": 66, "column": 10 } },
      "10": { "start": { "line": 38, "column": 0 }, "end": { "line": 38, "column": 13 } }
    },
    "fnMap": {
      "0": {
        "name": "(anonymous_0)",
        "decl": { "start": { "line": 39, "column": 11 }, "end": { "line": 39, "column": 19 } },
        "loc": { "start": { "line": 39, "column": 51 }, "end": { "line": 67, "column": 5 } }
      },
      "1": {
        "name": "(anonymous_1)",
        "decl": { "start": { "line": 45, "column": 44 }, "end": { "line": 45, "column": 45 } },
        "loc": { "start": { "line": 45, "column": 53 }, "end": { "line": 49, "column": 9 } }
      }
    },
    "branchMap": {
      "0": {
        "loc": { "start": { "line": 40, "column": 8 }, "end": { "line": 42, "column": 9 } },
        "type": "if",
        "locations": [
          { "start": { "line": 40, "column": 8 }, "end": { "line": 42, "column": 9 } },
          { "start": {}, "end": {} }
        ]
      }
    },
    "s": {
      "0": 7,
      "1": 1,
      "2": 6,
      "3": 8,
      "4": 8,
      "5": 8,
      "6": 6,
      "7": 6,
      "8": 6,
      "9": 6,
      "10": 1
    },
    "f": { "0": 7, "1": 8 },
    "b": { "0": [1, 6] }
  },
  "/Users/others/Documents/GitHub/engine-ops/core/algorithms/simulated-annealing.ts": {
    "path": "/Users/others/Documents/GitHub/engine-ops/core/algorithms/simulated-annealing.ts",
    "statementMap": {
      "0": { "start": { "line": 33, "column": 8 }, "end": { "line": 38, "column": 10 } },
      "1": { "start": { "line": 49, "column": 43 }, "end": { "line": 52, "column": 10 } },
      "2": { "start": { "line": 54, "column": 40 }, "end": { "line": 54, "column": 62 } },
      "3": { "start": { "line": 55, "column": 26 }, "end": { "line": 55, "column": 56 } },
      "4": { "start": { "line": 56, "column": 24 }, "end": { "line": 56, "column": 25 } },
      "5": { "start": { "line": 58, "column": 8 }, "end": { "line": 82, "column": 9 } },
      "6": { "start": { "line": 60, "column": 34 }, "end": { "line": 60, "column": 73 } },
      "7": { "start": { "line": 61, "column": 35 }, "end": { "line": 61, "column": 64 } },
      "8": { "start": { "line": 64, "column": 27 }, "end": { "line": 64, "column": 66 } },
      "9": { "start": { "line": 67, "column": 12 }, "end": { "line": 77, "column": 13 } },
      "10": { "start": { "line": 68, "column": 16 }, "end": { "line": 71, "column": 18 } },
      "11": { "start": { "line": 74, "column": 16 }, "end": { "line": 76, "column": 17 } },
      "12": { "start": { "line": 75, "column": 20 }, "end": { "line": 75, "column": 58 } },
      "13": { "start": { "line": 80, "column": 12 }, "end": { "line": 80, "column": 51 } },
      "14": { "start": { "line": 81, "column": 12 }, "end": { "line": 81, "column": 24 } },
      "15": { "start": { "line": 84, "column": 8 }, "end": { "line": 84, "column": 28 } },
      "16": { "start": { "line": 88, "column": 8 }, "end": { "line": 88, "column": 47 } },
      "17": { "start": { "line": 29, "column": 0 }, "end": { "line": 29, "column": 13 } }
    },
    "fnMap": {
      "0": {
        "name": "(anonymous_0)",
        "decl": { "start": { "line": 32, "column": 4 }, "end": { "line": 32, "column": 16 } },
        "loc": { "start": { "line": 32, "column": 62 }, "end": { "line": 39, "column": 5 } }
      },
      "1": {
        "name": "(anonymous_1)",
        "decl": { "start": { "line": 44, "column": 11 }, "end": { "line": 44, "column": 19 } },
        "loc": { "start": { "line": 47, "column": 41 }, "end": { "line": 85, "column": 5 } }
      },
      "2": {
        "name": "(anonymous_2)",
        "decl": { "start": { "line": 87, "column": 12 }, "end": { "line": 87, "column": 33 } },
        "loc": { "start": { "line": 87, "column": 69 }, "end": { "line": 89, "column": 5 } }
      }
    },
    "branchMap": {
      "0": {
        "loc": { "start": { "line": 32, "column": 16 }, "end": { "line": 32, "column": 62 } },
        "type": "default-arg",
        "locations": [
          { "start": { "line": 32, "column": 60 }, "end": { "line": 32, "column": 62 } }
        ]
      },
      "1": {
        "loc": { "start": { "line": 34, "column": 32 }, "end": { "line": 34, "column": 65 } },
        "type": "binary-expr",
        "locations": [
          { "start": { "line": 34, "column": 32 }, "end": { "line": 34, "column": 57 } },
          { "start": { "line": 34, "column": 61 }, "end": { "line": 34, "column": 65 } }
        ]
      },
      "2": {
        "loc": { "start": { "line": 35, "column": 25 }, "end": { "line": 35, "column": 51 } },
        "type": "binary-expr",
        "locations": [
          { "start": { "line": 35, "column": 25 }, "end": { "line": 35, "column": 43 } },
          { "start": { "line": 35, "column": 47 }, "end": { "line": 35, "column": 51 } }
        ]
      },
      "3": {
        "loc": { "start": { "line": 36, "column": 28 }, "end": { "line": 36, "column": 56 } },
        "type": "binary-expr",
        "locations": [
          { "start": { "line": 36, "column": 28 }, "end": { "line": 36, "column": 49 } },
          { "start": { "line": 36, "column": 53 }, "end": { "line": 36, "column": 56 } }
        ]
      },
      "4": {
        "loc": { "start": { "line": 37, "column": 27 }, "end": { "line": 37, "column": 55 } },
        "type": "binary-expr",
        "locations": [
          { "start": { "line": 37, "column": 27 }, "end": { "line": 37, "column": 47 } },
          { "start": { "line": 37, "column": 51 }, "end": { "line": 37, "column": 55 } }
        ]
      },
      "5": {
        "loc": { "start": { "line": 58, "column": 15 }, "end": { "line": 58, "column": 96 } },
        "type": "binary-expr",
        "locations": [
          { "start": { "line": 58, "column": 15 }, "end": { "line": 58, "column": 55 } },
          { "start": { "line": 58, "column": 59 }, "end": { "line": 58, "column": 96 } }
        ]
      },
      "6": {
        "loc": { "start": { "line": 67, "column": 12 }, "end": { "line": 77, "column": 13 } },
        "type": "if",
        "locations": [
          { "start": { "line": 67, "column": 12 }, "end": { "line": 77, "column": 13 } },
          { "start": {}, "end": {} }
        ]
      },
      "7": {
        "loc": { "start": { "line": 67, "column": 16 }, "end": { "line": 67, "column": 93 } },
        "type": "binary-expr",
        "locations": [
          { "start": { "line": 67, "column": 16 }, "end": { "line": 67, "column": 26 } },
          { "start": { "line": 67, "column": 30 }, "end": { "line": 67, "column": 93 } }
        ]
      },
      "8": {
        "loc": { "start": { "line": 74, "column": 16 }, "end": { "line": 76, "column": 17 } },
        "type": "if",
        "locations": [
          { "start": { "line": 74, "column": 16 }, "end": { "line": 76, "column": 17 } },
          { "start": {}, "end": {} }
        ]
      }
    },
    "s": {
      "0": 31,
      "1": 11,
      "2": 11,
      "3": 11,
      "4": 11,
      "5": 11,
      "6": 921,
      "7": 921,
      "8": 921,
      "9": 921,
      "10": 869,
      "11": 869,
      "12": 15,
      "13": 921,
      "14": 921,
      "15": 11,
      "16": 910,
      "17": 1
    },
    "f": { "0": 31, "1": 11, "2": 910 },
    "b": {
      "0": [23],
      "1": [31, 25],
      "2": [31, 25],
      "3": [31, 27],
      "4": [31, 25],
      "5": [932, 924],
      "6": [869, 52],
      "7": [921, 906],
      "8": [15, 854]
    }
  },
  "/Users/others/Documents/GitHub/engine-ops/core/analytics/cost-calculator.ts": {
    "path": "/Users/others/Documents/GitHub/engine-ops/core/analytics/cost-calculator.ts",
    "statementMap": {
      "0": { "start": { "line": 34, "column": 13 }, "end": { "line": 39, "column": 2 } },
      "1": { "start": { "line": 45, "column": 8 }, "end": { "line": 45, "column": 60 } },
      "2": { "start": { "line": 52, "column": 24 }, "end": { "line": 52, "column": 93 } },
      "3": { "start": { "line": 53, "column": 27 }, "end": { "line": 53, "column": 97 } },
      "4": { "start": { "line": 59, "column": 29 }, "end": { "line": 59, "column": 48 } },
      "5": { "start": { "line": 60, "column": 37 }, "end": { "line": 60, "column": 55 } },
      "6": { "start": { "line": 61, "column": 28 }, "end": { "line": 61, "column": 109 } },
      "7": { "start": { "line": 63, "column": 8 }, "end": { "line": 74, "column": 10 } },
      "8": { "start": { "line": 81, "column": 8 }, "end": { "line": 81, "column": 55 } },
      "9": { "start": { "line": 41, "column": 0 }, "end": { "line": 41, "column": 13 } }
    },
    "fnMap": {
      "0": {
        "name": "(anonymous_0)",
        "decl": { "start": { "line": 44, "column": 4 }, "end": { "line": 44, "column": 16 } },
        "loc": { "start": { "line": 44, "column": 48 }, "end": { "line": 46, "column": 5 } }
      },
      "1": {
        "name": "(anonymous_1)",
        "decl": { "start": { "line": 51, "column": 11 }, "end": { "line": 51, "column": 24 } },
        "loc": { "start": { "line": 51, "column": 45 }, "end": { "line": 75, "column": 5 } }
      },
      "2": {
        "name": "(anonymous_2)",
        "decl": { "start": { "line": 80, "column": 11 }, "end": { "line": 80, "column": 23 } },
        "loc": { "start": { "line": 80, "column": 54 }, "end": { "line": 82, "column": 5 } }
      }
    },
    "branchMap": {
      "0": {
        "loc": { "start": { "line": 44, "column": 16 }, "end": { "line": 44, "column": 48 } },
        "type": "default-arg",
        "locations": [
          { "start": { "line": 44, "column": 46 }, "end": { "line": 44, "column": 48 } }
        ]
      },
      "1": {
        "loc": { "start": { "line": 61, "column": 29 }, "end": { "line": 61, "column": 49 } },
        "type": "binary-expr",
        "locations": [
          { "start": { "line": 61, "column": 29 }, "end": { "line": 61, "column": 44 } },
          { "start": { "line": 61, "column": 48 }, "end": { "line": 61, "column": 49 } }
        ]
      }
    },
    "s": { "0": 0, "1": 0, "2": 0, "3": 0, "4": 0, "5": 0, "6": 0, "7": 0, "8": 0, "9": 0 },
    "f": { "0": 0, "1": 0, "2": 0 },
    "b": { "0": [0], "1": [0, 0] }
  },
  "/Users/others/Documents/GitHub/engine-ops/core/analytics/index.ts": {
    "path": "/Users/others/Documents/GitHub/engine-ops/core/analytics/index.ts",
    "statementMap": {
      "0": { "start": { "line": 1, "column": 0 }, "end": { "line": 1, "column": 37 } },
      "1": { "start": { "line": 2, "column": 0 }, "end": { "line": 2, "column": 37 } },
      "2": { "start": { "line": 3, "column": 0 }, "end": { "line": 3, "column": 31 } }
    },
    "fnMap": {},
    "branchMap": {},
    "s": { "0": 0, "1": 0, "2": 0 },
    "f": {},
    "b": {}
  },
  "/Users/others/Documents/GitHub/engine-ops/core/analytics/recommendations.ts": {
    "path": "/Users/others/Documents/GitHub/engine-ops/core/analytics/recommendations.ts",
    "statementMap": {
      "0": { "start": { "line": 23, "column": 8 }, "end": { "line": 23, "column": 45 } },
      "1": { "start": { "line": 30, "column": 50 }, "end": { "line": 30, "column": 52 } },
      "2": { "start": { "line": 31, "column": 28 }, "end": { "line": 31, "column": 75 } },
      "3": { "start": { "line": 34, "column": 8 }, "end": { "line": 49, "column": 9 } },
      "4": { "start": { "line": 35, "column": 33 }, "end": { "line": 35, "column": 75 } },
      "5": { "start": { "line": 36, "column": 35 }, "end": { "line": 36, "column": 78 } },
      "6": { "start": { "line": 37, "column": 34 }, "end": { "line": 37, "column": 83 } },
      "7": { "start": { "line": 38, "column": 28 }, "end": { "line": 38, "column": 75 } },
      "8": { "start": { "line": 40, "column": 12 }, "end": { "line": 48, "column": 15 } },
      "9": { "start": { "line": 52, "column": 8 }, "end": { "line": 67, "column": 9 } },
      "10": { "start": { "line": 53, "column": 33 }, "end": { "line": 53, "column": 77 } },
      "11": { "start": { "line": 54, "column": 35 }, "end": { "line": 54, "column": 78 } },
      "12": { "start": { "line": 55, "column": 34 }, "end": { "line": 55, "column": 83 } },
      "13": { "start": { "line": 56, "column": 28 }, "end": { "line": 56, "column": 75 } },
      "14": { "start": { "line": 58, "column": 12 }, "end": { "line": 66, "column": 15 } },
      "15": { "start": { "line": 69, "column": 8 }, "end": { "line": 69, "column": 31 } },
      "16": { "start": { "line": 19, "column": 0 }, "end": { "line": 19, "column": 13 } }
    },
    "fnMap": {
      "0": {
        "name": "(anonymous_0)",
        "decl": { "start": { "line": 22, "column": 4 }, "end": { "line": 22, "column": 16 } },
        "loc": { "start": { "line": 22, "column": 46 }, "end": { "line": 24, "column": 5 } }
      },
      "1": {
        "name": "(anonymous_1)",
        "decl": { "start": { "line": 29, "column": 11 }, "end": { "line": 29, "column": 18 } },
        "loc": { "start": { "line": 29, "column": 126 }, "end": { "line": 70, "column": 5 } }
      }
    },
    "branchMap": {
      "0": {
        "loc": { "start": { "line": 34, "column": 8 }, "end": { "line": 49, "column": 9 } },
        "type": "if",
        "locations": [
          { "start": { "line": 34, "column": 8 }, "end": { "line": 49, "column": 9 } },
          { "start": {}, "end": {} }
        ]
      },
      "1": {
        "loc": { "start": { "line": 52, "column": 8 }, "end": { "line": 67, "column": 9 } },
        "type": "if",
        "locations": [
          { "start": { "line": 52, "column": 8 }, "end": { "line": 67, "column": 9 } },
          { "start": {}, "end": {} }
        ]
      }
    },
    "s": {
      "0": 0,
      "1": 0,
      "2": 0,
      "3": 0,
      "4": 0,
      "5": 0,
      "6": 0,
      "7": 0,
      "8": 0,
      "9": 0,
      "10": 0,
      "11": 0,
      "12": 0,
      "13": 0,
      "14": 0,
      "15": 0,
      "16": 0
    },
    "f": { "0": 0, "1": 0 },
    "b": { "0": [0, 0], "1": [0, 0] }
  },
  "/Users/others/Documents/GitHub/engine-ops/core/analytics/reporting.ts": {
    "path": "/Users/others/Documents/GitHub/engine-ops/core/analytics/reporting.ts",
    "statementMap": {
      "0": { "start": { "line": 20, "column": 8 }, "end": { "line": 22, "column": 9 } },
      "1": { "start": { "line": 21, "column": 12 }, "end": { "line": 21, "column": 74 } },
      "2": { "start": { "line": 24, "column": 8 }, "end": { "line": 39, "column": 9 } },
      "3": { "start": { "line": 25, "column": 12 }, "end": { "line": 38, "column": 8 } },
      "4": { "start": { "line": 42, "column": 21 }, "end": { "line": 42, "column": 49 } },
      "5": { "start": { "line": 43, "column": 8 }, "end": { "line": 43, "column": 77 } },
      "6": { "start": { "line": 44, "column": 8 }, "end": { "line": 44, "column": 33 } },
      "7": { "start": { "line": 45, "column": 8 }, "end": { "line": 45, "column": 51 } },
      "8": { "start": { "line": 46, "column": 8 }, "end": { "line": 46, "column": 57 } },
      "9": { "start": { "line": 47, "column": 8 }, "end": { "line": 47, "column": 59 } },
      "10": { "start": { "line": 49, "column": 8 }, "end": { "line": 54, "column": 9 } },
      "11": { "start": { "line": 50, "column": 12 }, "end": { "line": 50, "column": 61 } },
      "12": { "start": { "line": 51, "column": 12 }, "end": { "line": 53, "column": 15 } },
      "13": { "start": { "line": 52, "column": 16 }, "end": { "line": 52, "column": 112 } },
      "14": { "start": { "line": 56, "column": 8 }, "end": { "line": 56, "column": 22 } },
      "15": { "start": { "line": 60, "column": 8 }, "end": { "line": 60, "column": 52 } },
      "16": { "start": { "line": 60, "column": 42 }, "end": { "line": 60, "column": 52 } },
      "17": { "start": { "line": 61, "column": 8 }, "end": { "line": 66, "column": 6 } },
      "18": { "start": { "line": 64, "column": 37 }, "end": { "line": 64, "column": 110 } },
      "19": { "start": { "line": 15, "column": 0 }, "end": { "line": 15, "column": 13 } }
    },
    "fnMap": {
      "0": {
        "name": "(anonymous_0)",
        "decl": { "start": { "line": 19, "column": 11 }, "end": { "line": 19, "column": 25 } },
        "loc": { "start": { "line": 19, "column": 105 }, "end": { "line": 57, "column": 5 } }
      },
      "1": {
        "name": "(anonymous_1)",
        "decl": { "start": { "line": 51, "column": 36 }, "end": { "line": 51, "column": 39 } },
        "loc": { "start": { "line": 51, "column": 42 }, "end": { "line": 53, "column": 13 } }
      },
      "2": {
        "name": "(anonymous_2)",
        "decl": { "start": { "line": 59, "column": 12 }, "end": { "line": 59, "column": 37 } },
        "loc": { "start": { "line": 59, "column": 71 }, "end": { "line": 67, "column": 5 } }
      },
      "3": {
        "name": "(anonymous_3)",
        "decl": { "start": { "line": 64, "column": 30 }, "end": { "line": 64, "column": 33 } },
        "loc": { "start": { "line": 64, "column": 37 }, "end": { "line": 64, "column": 110 } }
      }
    },
    "branchMap": {
      "0": {
        "loc": { "start": { "line": 20, "column": 8 }, "end": { "line": 22, "column": 9 } },
        "type": "if",
        "locations": [
          { "start": { "line": 20, "column": 8 }, "end": { "line": 22, "column": 9 } },
          { "start": {}, "end": {} }
        ]
      },
      "1": {
        "loc": { "start": { "line": 24, "column": 8 }, "end": { "line": 39, "column": 9 } },
        "type": "if",
        "locations": [
          { "start": { "line": 24, "column": 8 }, "end": { "line": 39, "column": 9 } },
          { "start": {}, "end": {} }
        ]
      },
      "2": {
        "loc": { "start": { "line": 35, "column": 14 }, "end": { "line": 35, "column": 98 } },
        "type": "cond-expr",
        "locations": [
          { "start": { "line": 35, "column": 46 }, "end": { "line": 35, "column": 93 } },
          { "start": { "line": 35, "column": 96 }, "end": { "line": 35, "column": 98 } }
        ]
      },
      "3": {
        "loc": { "start": { "line": 49, "column": 8 }, "end": { "line": 54, "column": 9 } },
        "type": "if",
        "locations": [
          { "start": { "line": 49, "column": 8 }, "end": { "line": 54, "column": 9 } },
          { "start": {}, "end": {} }
        ]
      },
      "4": {
        "loc": { "start": { "line": 49, "column": 12 }, "end": { "line": 49, "column": 71 } },
        "type": "binary-expr",
        "locations": [
          { "start": { "line": 49, "column": 12 }, "end": { "line": 49, "column": 41 } },
          { "start": { "line": 49, "column": 45 }, "end": { "line": 49, "column": 71 } }
        ]
      },
      "5": {
        "loc": { "start": { "line": 60, "column": 8 }, "end": { "line": 60, "column": 52 } },
        "type": "if",
        "locations": [
          { "start": { "line": 60, "column": 8 }, "end": { "line": 60, "column": 52 } },
          { "start": {}, "end": {} }
        ]
      }
    },
    "s": {
      "0": 0,
      "1": 0,
      "2": 0,
      "3": 0,
      "4": 0,
      "5": 0,
      "6": 0,
      "7": 0,
      "8": 0,
      "9": 0,
      "10": 0,
      "11": 0,
      "12": 0,
      "13": 0,
      "14": 0,
      "15": 0,
      "16": 0,
      "17": 0,
      "18": 0,
      "19": 0
    },
    "f": { "0": 0, "1": 0, "2": 0, "3": 0 },
    "b": { "0": [0, 0], "1": [0, 0], "2": [0, 0], "3": [0, 0], "4": [0, 0], "5": [0, 0] }
  },
  "/Users/others/Documents/GitHub/engine-ops/core/anomaly/detector.ts": {
    "path": "/Users/others/Documents/GitHub/engine-ops/core/anomaly/detector.ts",
    "statementMap": {
      "0": { "start": { "line": 61, "column": 8 }, "end": { "line": 66, "column": 10 } },
      "1": { "start": { "line": 67, "column": 8 }, "end": { "line": 67, "column": 33 } },
      "2": { "start": { "line": 68, "column": 8 }, "end": { "line": 68, "column": 25 } },
      "3": { "start": { "line": 75, "column": 8 }, "end": { "line": 77, "column": 9 } },
      "4": { "start": { "line": 76, "column": 12 }, "end": { "line": 76, "column": 39 } },
      "5": { "start": { "line": 79, "column": 29 }, "end": { "line": 79, "column": 52 } },
      "6": { "start": { "line": 80, "column": 8 }, "end": { "line": 84, "column": 11 } },
      "7": { "start": { "line": 87, "column": 8 }, "end": { "line": 89, "column": 9 } },
      "8": { "start": { "line": 88, "column": 12 }, "end": { "line": 88, "column": 33 } },
      "9": { "start": { "line": 92, "column": 8 }, "end": { "line": 92, "column": 40 } },
      "10": { "start": { "line": 99, "column": 29 }, "end": { "line": 99, "column": 58 } },
      "11": { "start": { "line": 102, "column": 8 }, "end": { "line": 104, "column": 9 } },
      "12": { "start": { "line": 103, "column": 12 }, "end": { "line": 103, "column": 19 } },
      "13": { "start": { "line": 106, "column": 23 }, "end": { "line": 106, "column": 53 } },
      "14": { "start": { "line": 106, "column": 45 }, "end": { "line": 106, "column": 52 } },
      "15": { "start": { "line": 107, "column": 22 }, "end": { "line": 107, "column": 49 } },
      "16": { "start": { "line": 112, "column": 8 }, "end": { "line": 116, "column": 9 } },
      "17": { "start": { "line": 113, "column": 12 }, "end": { "line": 113, "column": 75 } },
      "18": { "start": { "line": 115, "column": 12 }, "end": { "line": 115, "column": 68 } },
      "19": { "start": { "line": 118, "column": 8 }, "end": { "line": 138, "column": 9 } },
      "20": { "start": { "line": 119, "column": 29 }, "end": { "line": 119, "column": 62 } },
      "21": { "start": { "line": 120, "column": 40 }, "end": { "line": 128, "column": 14 } },
      "22": { "start": { "line": 130, "column": 12 }, "end": { "line": 130, "column": 36 } },
      "23": { "start": { "line": 132, "column": 12 }, "end": { "line": 134, "column": 13 } },
      "24": { "start": { "line": 133, "column": 16 }, "end": { "line": 133, "column": 59 } },
      "25": { "start": { "line": 137, "column": 12 }, "end": { "line": 137, "column": 42 } },
      "26": { "start": { "line": 145, "column": 21 }, "end": { "line": 145, "column": 78 } },
      "27": { "start": { "line": 145, "column": 49 }, "end": { "line": 145, "column": 58 } },
      "28": { "start": { "line": 146, "column": 25 }, "end": { "line": 146, "column": 102 } },
      "29": { "start": { "line": 146, "column": 53 }, "end": { "line": 146, "column": 82 } },
      "30": { "start": { "line": 147, "column": 23 }, "end": { "line": 147, "column": 42 } },
      "31": { "start": { "line": 149, "column": 8 }, "end": { "line": 149, "column": 32 } },
      "32": { "start": { "line": 156, "column": 8 }, "end": { "line": 156, "column": 45 } },
[...]
      "12": { "start": { "line": 36, "column": 4 }, "end": { "line": 36, "column": 77 } },
      "13": { "start": { "line": 40, "column": 23 }, "end": { "line": 43, "column": 2 } },
      "14": { "start": { "line": 46, "column": 0 }, "end": { "line": 53, "column": 1 } },
      "15": { "start": { "line": 47, "column": 4 }, "end": { "line": 47, "column": 44 } },
      "16": { "start": { "line": 48, "column": 4 }, "end": { "line": 48, "column": 73 } },
      "17": { "start": { "line": 50, "column": 4 }, "end": { "line": 52, "column": 7 } },
      "18": { "start": { "line": 51, "column": 8 }, "end": { "line": 51, "column": 78 } },
      "19": { "start": { "line": 56, "column": 0 }, "end": { "line": 62, "column": 3 } },
      "20": { "start": { "line": 57, "column": 4 }, "end": { "line": 61, "column": 5 } },
      "21": { "start": { "line": 58, "column": 8 }, "end": { "line": 58, "column": 30 } },
      "22": { "start": { "line": 60, "column": 8 }, "end": { "line": 60, "column": 78 } },
      "23": { "start": { "line": 64, "column": 0 }, "end": { "line": 71, "column": 3 } },
      "24": { "start": { "line": 65, "column": 4 }, "end": { "line": 70, "column": 5 } },
      "25": { "start": { "line": 66, "column": 8 }, "end": { "line": 66, "column": 30 } },
      "26": { "start": { "line": 67, "column": 8 }, "end": { "line": 67, "column": 55 } },
      "27": { "start": { "line": 69, "column": 8 }, "end": { "line": 69, "column": 78 } }
    },
    "fnMap": {
      "0": {
        "name": "(anonymous_10)",
        "decl": { "start": { "line": 50, "column": 27 }, "end": { "line": 50, "column": 28 } },
        "loc": { "start": { "line": 50, "column": 60 }, "end": { "line": 52, "column": 5 } }
      },
      "1": {
        "name": "(anonymous_11)",
        "decl": { "start": { "line": 56, "column": 35 }, "end": { "line": 56, "column": 36 } },
        "loc": { "start": { "line": 56, "column": 68 }, "end": { "line": 62, "column": 1 } }
      },
      "2": {
        "name": "(anonymous_12)",
        "decl": { "start": { "line": 64, "column": 35 }, "end": { "line": 64, "column": 36 } },
        "loc": { "start": { "line": 64, "column": 68 }, "end": { "line": 71, "column": 1 } }
      }
    },
    "branchMap": {
      "0": {
        "loc": { "start": { "line": 27, "column": 0 }, "end": { "line": 30, "column": 1 } },
        "type": "if",
        "locations": [
          { "start": { "line": 27, "column": 0 }, "end": { "line": 30, "column": 1 } },
          { "start": {}, "end": {} }
        ]
      },
      "1": {
        "loc": { "start": { "line": 33, "column": 0 }, "end": { "line": 37, "column": 1 } },
        "type": "if",
        "locations": [
          { "start": { "line": 33, "column": 0 }, "end": { "line": 37, "column": 1 } },
          { "start": { "line": 35, "column": 7 }, "end": { "line": 37, "column": 1 } }
        ]
      },
      "2": {
        "loc": { "start": { "line": 46, "column": 0 }, "end": { "line": 53, "column": 1 } },
        "type": "if",
        "locations": [
          { "start": { "line": 46, "column": 0 }, "end": { "line": 53, "column": 1 } },
          { "start": { "line": 49, "column": 7 }, "end": { "line": 53, "column": 1 } }
        ]
      },
      "3": {
        "loc": { "start": { "line": 57, "column": 4 }, "end": { "line": 61, "column": 5 } },
        "type": "if",
        "locations": [
          { "start": { "line": 57, "column": 4 }, "end": { "line": 61, "column": 5 } },
          { "start": { "line": 59, "column": 11 }, "end": { "line": 61, "column": 5 } }
        ]
      },
      "4": {
        "loc": { "start": { "line": 65, "column": 4 }, "end": { "line": 70, "column": 5 } },
        "type": "if",
        "locations": [
          { "start": { "line": 65, "column": 4 }, "end": { "line": 70, "column": 5 } },
          { "start": { "line": 68, "column": 11 }, "end": { "line": 70, "column": 5 } }
        ]
      },
      "5": {
        "loc": { "start": { "line": 65, "column": 8 }, "end": { "line": 65, "column": 49 } },
        "type": "binary-expr",
        "locations": [
          { "start": { "line": 65, "column": 8 }, "end": { "line": 65, "column": 19 } },
          { "start": { "line": 65, "column": 23 }, "end": { "line": 65, "column": 49 } }
        ]
      }
    },
    "s": {
      "0": 0,
      "1": 0,
      "2": 0,
      "3": 0,
      "4": 0,
      "5": 0,
      "6": 0,
      "7": 0,
      "8": 0,
      "9": 0,
      "10": 0,
      "11": 0,
      "12": 0,
      "13": 0,
      "14": 0,
      "15": 0,
      "16": 0,
      "17": 0,
      "18": 0,
      "19": 0,
      "20": 0,
      "21": 0,
      "22": 0,
      "23": 0,
      "24": 0,
      "25": 0,
      "26": 0,
      "27": 0
    },
    "f": { "0": 0, "1": 0, "2": 0 },
    "b": { "0": [0, 0], "1": [0, 0], "2": [0, 0], "3": [0, 0], "4": [0, 0], "5": [0, 0] }
  },
  "/Users/others/Documents/GitHub/engine-ops/public/websocket/server.ts": {
    "path": "/Users/others/Documents/GitHub/engine-ops/public/websocket/server.ts",
    "statementMap": {
      "0": { "start": { "line": 18, "column": 0 }, "end": { "line": 18, "column": 53 } },
      "1": { "start": { "line": 35, "column": 8 }, "end": { "line": 40, "column": 11 } },
      "2": { "start": { "line": 42, "column": 8 }, "end": { "line": 42, "column": 34 } },
      "3": { "start": { "line": 46, "column": 8 }, "end": { "line": 62, "column": 11 } },
      "4": { "start": { "line": 47, "column": 12 }, "end": { "line": 47, "column": 58 } },
      "5": { "start": { "line": 49, "column": 12 }, "end": { "line": 52, "column": 15 } },
      "6": { "start": { "line": 50, "column": 16 }, "end": { "line": 50, "column": 57 } },
      "7": { "start": { "line": 51, "column": 16 }, "end": { "line": 51, "column": 78 } },
      "8": { "start": { "line": 54, "column": 12 }, "end": { "line": 57, "column": 15 } },
      "9": { "start": { "line": 55, "column": 16 }, "end": { "line": 55, "column": 58 } },
      "10": { "start": { "line": 56, "column": 16 }, "end": { "line": 56, "column": 82 } },
      "11": { "start": { "line": 59, "column": 12 }, "end": { "line": 61, "column": 15 } },
      "12": { "start": { "line": 60, "column": 16 }, "end": { "line": 60, "column": 65 } },
      "13": { "start": { "line": 69, "column": 8 }, "end": { "line": 73, "column": 11 } },
      "14": { "start": { "line": 80, "column": 8 }, "end": { "line": 80, "column": 97 } },
      "15": { "start": { "line": 87, "column": 8 }, "end": { "line": 87, "column": 93 } },
      "16": { "start": { "line": 94, "column": 8 }, "end": { "line": 98, "column": 11 } },
      "17": { "start": { "line": 105, "column": 8 }, "end": { "line": 105, "column": 23 } },
      "18": { "start": { "line": 31, "column": 0 }, "end": { "line": 31, "column": 13 } }
    },
    "fnMap": {
      "0": {
        "name": "(anonymous_0)",
        "decl": { "start": { "line": 34, "column": 4 }, "end": { "line": 34, "column": 16 } },
        "loc": { "start": { "line": 34, "column": 38 }, "end": { "line": 43, "column": 5 } }
      },
      "1": {
        "name": "(anonymous_1)",
        "decl": { "start": { "line": 45, "column": 12 }, "end": { "line": 45, "column": 30 } },
        "loc": { "start": { "line": 45, "column": 30 }, "end": { "line": 63, "column": 5 } }
      },
      "2": {
        "name": "(anonymous_2)",
        "decl": { "start": { "line": 46, "column": 33 }, "end": { "line": 46, "column": 34 } },
        "loc": { "start": { "line": 46, "column": 44 }, "end": { "line": 62, "column": 9 } }
      },
      "3": {
        "name": "(anonymous_3)",
        "decl": { "start": { "line": 49, "column": 35 }, "end": { "line": 49, "column": 36 } },
        "loc": { "start": { "line": 49, "column": 57 }, "end": { "line": 52, "column": 13 } }
      },
      "4": {
        "name": "(anonymous_4)",
        "decl": { "start": { "line": 54, "column": 37 }, "end": { "line": 54, "column": 38 } },
        "loc": { "start": { "line": 54, "column": 59 }, "end": { "line": 57, "column": 13 } }
      },
      "5": {
        "name": "(anonymous_5)",
        "decl": { "start": { "line": 59, "column": 36 }, "end": { "line": 59, "column": 39 } },
        "loc": { "start": { "line": 59, "column": 41 }, "end": { "line": 61, "column": 13 } }
      },
      "6": {
        "name": "(anonymous_6)",
        "decl": { "start": { "line": 68, "column": 11 }, "end": { "line": 68, "column": 32 } },
        "loc": { "start": { "line": 68, "column": 61 }, "end": { "line": 74, "column": 5 } }
      },
      "7": {
        "name": "(anonymous_7)",
        "decl": { "start": { "line": 79, "column": 11 }, "end": { "line": 79, "column": 35 } },
        "loc": { "start": { "line": 79, "column": 66 }, "end": { "line": 81, "column": 5 } }
      },
      "8": {
        "name": "(anonymous_8)",
        "decl": { "start": { "line": 86, "column": 11 }, "end": { "line": 86, "column": 35 } },
        "loc": { "start": { "line": 86, "column": 62 }, "end": { "line": 88, "column": 5 } }
      },
      "9": {
        "name": "(anonymous_9)",
        "decl": { "start": { "line": 93, "column": 11 }, "end": { "line": 93, "column": 32 } },
        "loc": { "start": { "line": 93, "column": 64 }, "end": { "line": 99, "column": 5 } }
      },
      "10": {
        "name": "(anonymous_10)",
        "decl": { "start": { "line": 104, "column": 11 }, "end": { "line": 104, "column": 16 } },
        "loc": { "start": { "line": 104, "column": 16 }, "end": { "line": 106, "column": 5 } }
      }
    },
    "branchMap": {},
    "s": {
      "0": 0,
      "1": 0,
      "2": 0,
      "3": 0,
      "4": 0,
      "5": 0,
      "6": 0,
      "7": 0,
      "8": 0,
      "9": 0,
      "10": 0,
      "11": 0,
      "12": 0,
      "13": 0,
      "14": 0,
      "15": 0,
      "16": 0,
      "17": 0,
      "18": 0
    },
    "f": {
      "0": 0,
      "1": 0,
      "2": 0,
      "3": 0,
      "4": 0,
      "5": 0,
      "6": 0,
      "7": 0,
      "8": 0,
      "9": 0,
      "10": 0
    },
    "b": {}
  },
  "/Users/others/Documents/GitHub/engine-ops/schemas/agent-session.ts": {
    "path": "/Users/others/Documents/GitHub/engine-ops/schemas/agent-session.ts",
    "statementMap": {
      "0": { "start": { "line": 14, "column": 0 }, "end": { "line": 14, "column": 24 } },
      "1": { "start": { "line": 19, "column": 13 }, "end": { "line": 19, "column": 96 } },
      "2": { "start": { "line": 24, "column": 13 }, "end": { "line": 31, "column": 3 } },
      "3": { "start": { "line": 36, "column": 13 }, "end": { "line": 40, "column": 3 } },
      "4": { "start": { "line": 45, "column": 13 }, "end": { "line": 45, "column": 95 } },
      "5": { "start": { "line": 50, "column": 13 }, "end": { "line": 59, "column": 3 } }
    },
    "fnMap": {},
    "branchMap": {},
    "s": { "0": 0, "1": 0, "2": 0, "3": 0, "4": 0, "5": 0 },
    "f": {},
    "b": {}
  },
  "/Users/others/Documents/GitHub/engine-ops/schemas/detailed-schemas.ts": {
    "path": "/Users/others/Documents/GitHub/engine-ops/schemas/detailed-schemas.ts",
    "statementMap": {
      "0": { "start": { "line": 14, "column": 0 }, "end": { "line": 14, "column": 24 } },
      "1": { "start": { "line": 19, "column": 13 }, "end": { "line": 23, "column": 3 } },
      "2": { "start": { "line": 25, "column": 13 }, "end": { "line": 28, "column": 3 } },
      "3": { "start": { "line": 30, "column": 13 }, "end": { "line": 33, "column": 3 } },
      "4": { "start": { "line": 38, "column": 13 }, "end": { "line": 42, "column": 3 } },
      "5": { "start": { "line": 44, "column": 13 }, "end": { "line": 48, "column": 3 } },
      "6": { "start": { "line": 50, "column": 13 }, "end": { "line": 53, "column": 3 } },
      "7": { "start": { "line": 58, "column": 13 }, "end": { "line": 63, "column": 3 } }
    },
    "fnMap": {},
    "branchMap": {},
    "s": { "0": 0, "1": 0, "2": 0, "3": 0, "4": 0, "5": 0, "6": 0, "7": 0 },
    "f": {},
    "b": {}
  },
  "/Users/others/Documents/GitHub/engine-ops/schemas/validation.ts": {
    "path": "/Users/others/Documents/GitHub/engine-ops/schemas/validation.ts",
    "statementMap": {
      "0": { "start": { "line": 14, "column": 0 }, "end": { "line": 14, "column": 24 } },
      "1": { "start": { "line": 16, "column": 13 }, "end": { "line": 22, "column": 3 } },
      "2": { "start": { "line": 24, "column": 13 }, "end": { "line": 29, "column": 3 } },
      "3": { "start": { "line": 32, "column": 13 }, "end": { "line": 32, "column": 75 } },
      "4": { "start": { "line": 34, "column": 13 }, "end": { "line": 39, "column": 3 } },
      "5": { "start": { "line": 41, "column": 13 }, "end": { "line": 45, "column": 3 } },
      "6": { "start": { "line": 47, "column": 13 }, "end": { "line": 53, "column": 3 } },
      "7": { "start": { "line": 55, "column": 13 }, "end": { "line": 58, "column": 3 } }
    },
    "fnMap": {},
    "branchMap": {},
    "s": { "0": 0, "1": 0, "2": 0, "3": 0, "4": 0, "5": 0, "6": 0, "7": 0 },
    "f": {},
    "b": {}
  },
  "/Users/others/Documents/GitHub/engine-ops/schemas/migrations/001-add-versioning.ts": {
    "path": "/Users/others/Documents/GitHub/engine-ops/schemas/migrations/001-add-versioning.ts",
    "statementMap": {
      "0": { "start": { "line": 19, "column": 13 }, "end": { "line": 60, "column": 2 } },
      "1": { "start": { "line": 24, "column": 8 }, "end": { "line": 24, "column": 64 } },
      "2": { "start": { "line": 29, "column": 8 }, "end": { "line": 29, "column": 68 } },
      "3": { "start": { "line": 30, "column": 8 }, "end": { "line": 30, "column": 60 } },
      "4": { "start": { "line": 33, "column": 8 }, "end": { "line": 33, "column": 63 } },
      "5": { "start": { "line": 33, "column": 37 }, "end": { "line": 33, "column": 61 } },
      "6": { "start": { "line": 37, "column": 8 }, "end": { "line": 37, "column": 68 } },
      "7": { "start": { "line": 40, "column": 8 }, "end": { "line": 40, "column": 72 } },
      "8": { "start": { "line": 41, "column": 8 }, "end": { "line": 41, "column": 62 } },
      "9": { "start": { "line": 44, "column": 8 }, "end": { "line": 44, "column": 63 } },
      "10": { "start": { "line": 44, "column": 37 }, "end": { "line": 44, "column": 61 } },
      "11": { "start": { "line": 49, "column": 8 }, "end": { "line": 49, "column": 55 } },
      "12": { "start": { "line": 51, "column": 8 }, "end": { "line": 51, "column": 20 } },
      "13": { "start": { "line": 56, "column": 8 }, "end": { "line": 56, "column": 53 } },
      "14": { "start": { "line": 58, "column": 8 }, "end": { "line": 58, "column": 20 } }
    },
    "fnMap": {
      "0": {
        "name": "(anonymous_0)",
        "decl": { "start": { "line": 23, "column": 4 }, "end": { "line": 23, "column": 9 } },
        "loc": { "start": { "line": 23, "column": 12 }, "end": { "line": 34, "column": 5 } }
      },
      "1": {
        "name": "(anonymous_1)",
        "decl": { "start": { "line": 33, "column": 26 }, "end": { "line": 33, "column": 33 } },
        "loc": { "start": { "line": 33, "column": 37 }, "end": { "line": 33, "column": 61 } }
      },
      "2": {
        "name": "(anonymous_2)",
        "decl": { "start": { "line": 36, "column": 4 }, "end": { "line": 36, "column": 9 } },
        "loc": { "start": { "line": 36, "column": 14 }, "end": { "line": 45, "column": 5 } }
      },
      "3": {
        "name": "(anonymous_3)",
        "decl": { "start": { "line": 44, "column": 26 }, "end": { "line": 44, "column": 33 } },
        "loc": { "start": { "line": 44, "column": 37 }, "end": { "line": 44, "column": 61 } }
      },
      "4": {
        "name": "(anonymous_4)",
        "decl": { "start": { "line": 47, "column": 4 }, "end": { "line": 47, "column": 9 } },
        "loc": { "start": { "line": 47, "column": 20 }, "end": { "line": 52, "column": 5 } }
      },
      "5": {
        "name": "(anonymous_5)",
        "decl": { "start": { "line": 54, "column": 4 }, "end": { "line": 54, "column": 9 } },
        "loc": { "start": { "line": 54, "column": 22 }, "end": { "line": 59, "column": 5 } }
      }
    },
    "branchMap": {},
    "s": {
      "0": 0,
      "1": 0,
      "2": 0,
      "3": 0,
      "4": 0,
      "5": 0,
      "6": 0,
      "7": 0,
      "8": 0,
      "9": 0,
      "10": 0,
      "11": 0,
      "12": 0,
      "13": 0,
      "14": 0
    },
    "f": { "0": 0, "1": 0, "2": 0, "3": 0, "4": 0, "5": 0 },
    "b": {}
  },
  "/Users/others/Documents/GitHub/engine-ops/schemas/migrations/002-add-metrics-retention.ts": {
    "path": "/Users/others/Documents/GitHub/engine-ops/schemas/migrations/002-add-metrics-retention.ts",
    "statementMap": {
      "0": { "start": { "line": 19, "column": 13 }, "end": { "line": 57, "column": 2 } },
      "1": { "start": { "line": 24, "column": 8 }, "end": { "line": 24, "column": 58 } },
      "2": { "start": { "line": 27, "column": 8 }, "end": { "line": 27, "column": 65 } },
      "3": { "start": { "line": 28, "column": 8 }, "end": { "line": 28, "column": 59 } },
      "4": { "start": { "line": 29, "column": 8 }, "end": { "line": 29, "column": 58 } },
      "5": { "start": { "line": 32, "column": 8 }, "end": { "line": 32, "column": 63 } },
      "6": { "start": { "line": 32, "column": 37 }, "end": { "line": 32, "column": 61 } },
      "7": { "start": { "line": 36, "column": 8 }, "end": { "line": 36, "column": 60 } },
      "8": { "start": { "line": 38, "column": 8 }, "end": { "line": 38, "column": 65 } },
      "9": { "start": { "line": 39, "column": 8 }, "end": { "line": 39, "column": 45 } },
      "10": { "start": { "line": 40, "column": 8 }, "end": { "line": 40, "column": 50 } },
      "11": { "start": { "line": 43, "column": 8 }, "end": { "line": 43, "column": 63 } },
      "12": { "start": { "line": 43, "column": 37 }, "end": { "line": 43, "column": 61 } },
      "13": { "start": { "line": 47, "column": 8 }, "end": { "line": 47, "column": 61 } },
      "14": { "start": { "line": 49, "column": 8 }, "end": { "line": 49, "column": 20 } },
      "15": { "start": { "line": 53, "column": 8 }, "end": { "line": 53, "column": 63 } },
      "16": { "start": { "line": 55, "column": 8 }, "end": { "line": 55, "column": 20 } }
    },
    "fnMap": {
      "0": {
        "name": "(anonymous_0)",
        "decl": { "start": { "line": 23, "column": 4 }, "end": { "line": 23, "column": 9 } },
        "loc": { "start": { "line": 23, "column": 12 }, "end": { "line": 33, "column": 5 } }
      },
      "1": {
        "name": "(anonymous_1)",
        "decl": { "start": { "line": 32, "column": 26 }, "end": { "line": 32, "column": 33 } },
        "loc": { "start": { "line": 32, "column": 37 }, "end": { "line": 32, "column": 61 } }
      },
      "2": {
        "name": "(anonymous_2)",
        "decl": { "start": { "line": 35, "column": 4 }, "end": { "line": 35, "column": 9 } },
        "loc": { "start": { "line": 35, "column": 14 }, "end": { "line": 44, "column": 5 } }
      },
      "3": {
        "name": "(anonymous_3)",
        "decl": { "start": { "line": 43, "column": 26 }, "end": { "line": 43, "column": 33 } },
        "loc": { "start": { "line": 43, "column": 37 }, "end": { "line": 43, "column": 61 } }
      },
      "4": {
        "name": "(anonymous_4)",
        "decl": { "start": { "line": 46, "column": 4 }, "end": { "line": 46, "column": 9 } },
        "loc": { "start": { "line": 46, "column": 20 }, "end": { "line": 50, "column": 5 } }
      },
      "5": {
        "name": "(anonymous_5)",
        "decl": { "start": { "line": 52, "column": 4 }, "end": { "line": 52, "column": 9 } },
        "loc": { "start": { "line": 52, "column": 22 }, "end": { "line": 56, "column": 5 } }
      }
    },
    "branchMap": {},
    "s": {
      "0": 0,
      "1": 0,
      "2": 0,
      "3": 0,
      "4": 0,
      "5": 0,
      "6": 0,
      "7": 0,
      "8": 0,
      "9": 0,
      "10": 0,
      "11": 0,
      "12": 0,
      "13": 0,
      "14": 0,
      "15": 0,
      "16": 0
    },
    "f": { "0": 0, "1": 0, "2": 0, "3": 0, "4": 0, "5": 0 },
    "b": {}
  }
}
