TN:
SF:core/agent-session-manager.ts
FN:29,(anonymous_0)
FN:37,(anonymous_1)
FN:77,(anonymous_2)
FN:84,(anonymous_3)
FN:91,(anonymous_4)
FN:95,(anonymous_5)
FN:104,(anonymous_6)
FN:136,(anonymous_7)
FN:147,(anonymous_8)
FN:156,(anonymous_9)
FNF:10
FNH:10
FNDA:19,(anonymous_0)
FNDA:37,(anonymous_1)
FNDA:6,(anonymous_2)
FNDA:7,(anonymous_3)
FNDA:11,(anonymous_4)
FNDA:9,(anonymous_5)
FNDA:13,(anonymous_6)
FNDA:4,(anonymous_7)
FNDA:2,(anonymous_8)
FNDA:9,(anonymous_9)
DA:14,3
DA:20,3
DA:25,3
DA:30,19
DA:31,19
DA:39,37
DA:40,37
DA:41,1
DA:42,1
DA:43,1
DA:46,36
DA:49,36
DA:50,2
DA:54,34
DA:55,34
DA:65,34
DA:67,34
DA:71,34
DA:78,6
DA:88,7
DA:90,7
DA:91,11
DA:94,7
DA:95,9
DA:98,7
DA:110,13
DA:111,13
DA:112,2
DA:115,11
DA:116,11
DA:118,11
DA:119,2
DA:122,11
DA:123,1
DA:126,11
DA:128,11
DA:130,11
DA:137,4
DA:138,4
DA:139,2
DA:141,4
DA:152,2
DA:153,2
DA:154,2
DA:156,2
DA:157,9
DA:158,9
DA:161,2
LF:48
LH:48
BRDA:40,0,0,1
BRDA:40,0,1,36
BRDA:49,1,0,2
BRDA:49,1,1,34
BRDA:68,2,0,34
BRDA:68,2,1,30
BRDA:90,3,0,3
BRDA:90,3,1,4
BRDA:94,4,0,3
BRDA:94,4,1,4
BRDA:111,5,0,2
BRDA:111,5,1,11
BRDA:118,6,0,2
BRDA:118,6,1,9
BRDA:122,7,0,1
BRDA:122,7,1,10
BRDA:138,8,0,2
BRDA:138,8,1,2
BRDA:157,9,0,9
BRDA:157,9,1,6
BRDA:158,10,0,9
BRDA:158,10,1,4
BRF:22
BRH:22
end_of_record
TN:
SF:core/engine.ts
FN:39,(anonymous_0)
FN:73,(anonymous_1)
FN:88,(anonymous_2)
FN:116,(anonymous_3)
FN:256,(anonymous_4)
FN:265,(anonymous_5)
FN:272,(anonymous_6)
FN:279,(anonymous_7)
FN:286,(anonymous_8)
FN:348,(anonymous_9)
FN:355,(anonymous_10)
FNF:11
FNH:8
FNDA:29,(anonymous_0)
FNDA:21,(anonymous_1)
FNDA:11,(anonymous_2)
FNDA:9,(anonymous_3)
FNDA:1,(anonymous_4)
FNDA:1,(anonymous_5)
FNDA:0,(anonymous_6)
FNDA:4,(anonymous_7)
FNDA:8,(anonymous_8)
FNDA:0,(anonymous_9)
FNDA:0,(anonymous_10)
DA:15,4
DA:16,4
DA:17,4
DA:18,4
DA:19,4
DA:20,4
DA:21,4
DA:22,4
DA:23,4
DA:24,4
DA:25,4
DA:26,4
DA:28,4
DA:29,4
DA:31,4
DA:33,29
DA:40,29
DA:51,29
DA:58,29
DA:65,29
DA:74,21
DA:75,0
DA:76,0
DA:80,21
DA:81,11
DA:84,21
DA:85,21
DA:89,11
DA:91,11
DA:93,11
DA:95,42
DA:97,11
DA:98,11
DA:100,11
DA:101,11
DA:103,10
DA:104,10
DA:106,10
DA:107,10
DA:110,42
DA:111,42
DA:112,42
DA:117,9
DA:118,1
DA:121,8
DA:122,8
DA:125,8
DA:126,8
DA:127,0
DA:128,0
DA:129,0
DA:137,0
DA:138,0
DA:141,8
DA:143,8
DA:144,8
DA:145,2
DA:148,6
DA:151,6
DA:152,0
DA:153,0
DA:154,0
DA:155,0
DA:158,0
DA:161,0
DA:162,0
DA:165,0
DA:169,6
DA:171,6
DA:172,4
DA:173,4
DA:175,4
DA:176,1
DA:179,3
DA:181,3
DA:182,2
DA:183,2
DA:184,2
DA:186,2
DA:187,0
DA:190,2
DA:191,2
DA:193,2
DA:194,0
DA:197,2
DA:200,0
DA:203,5
DA:205,5
DA:216,5
DA:219,5
DA:220,0
DA:224,5
DA:233,5
DA:235,5
DA:237,5
DA:239,3
DA:240,3
DA:242,3
DA:244,3
DA:257,1
DA:258,1
DA:259,1
DA:266,1
DA:273,0
DA:280,4
DA:287,8
DA:288,0
DA:291,8
DA:292,1
DA:295,7
DA:297,7
DA:299,7
DA:300,6
DA:303,1
DA:304,1
DA:305,2
DA:306,2
DA:307,2
DA:312,7
DA:314,7
DA:328,0
DA:329,0
DA:331,0
DA:333,0
DA:349,0
DA:356,0
LF:126
LH:99
BRDA:39,0,0,1
BRDA:59,1,0,0
BRDA:59,1,1,29
BRDA:74,2,0,0
BRDA:74,2,1,21
BRDA:76,3,0,0
BRDA:76,3,1,0
BRDA:80,4,0,11
BRDA:80,4,1,10
BRDA:91,5,0,11
BRDA:91,5,1,10
BRDA:95,6,0,11
BRDA:95,6,1,11
BRDA:95,6,2,10
BRDA:95,6,3,10
BRDA:117,7,0,1
BRDA:117,7,1,8
BRDA:126,8,0,0
BRDA:126,8,1,8
BRDA:144,9,0,2
BRDA:144,9,1,6
BRDA:151,10,0,0
BRDA:151,10,1,6
BRDA:153,11,0,0
BRDA:153,11,1,0
BRDA:155,12,0,0
BRDA:155,12,1,0
BRDA:161,13,0,0
BRDA:161,13,1,0
BRDA:171,14,0,4
BRDA:171,14,1,2
BRDA:175,15,0,1
BRDA:175,15,1,3
BRDA:175,16,0,4
BRDA:175,16,1,3
BRDA:182,17,0,2
BRDA:182,17,1,0
BRDA:186,18,0,0
BRDA:186,18,1,2
BRDA:186,19,0,2
BRDA:186,19,1,2
BRDA:193,20,0,0
BRDA:193,20,1,2
BRDA:219,21,0,0
BRDA:219,21,1,5
BRDA:240,22,0,3
BRDA:240,22,1,0
BRDA:242,23,0,3
BRDA:242,23,1,0
BRDA:286,24,0,6
BRDA:287,25,0,0
BRDA:287,25,1,8
BRDA:291,26,0,1
BRDA:291,26,1,7
BRDA:299,27,0,6
BRDA:299,27,1,1
BRDA:306,28,0,2
BRDA:306,28,1,0
BRDA:329,29,0,0
BRDA:329,29,1,0
BRDA:331,30,0,0
BRDA:331,30,1,0
BRF:62
BRH:38
end_of_record
TN:
SF:core/index.ts
FNF:0
FNH:0
DA:14,2
DA:15,2
DA:16,2
DA:17,2
LF:4
LH:4
BRF:0
BRH:0
end_of_record
TN:
SF:core/algorithms/bin-packing.ts
FN:37,(anonymous_0)
FN:42,(anonymous_1)
FNF:2
FNH:2
FNDA:10,(anonymous_0)
FNDA:11,(anonymous_1)
DA:36,5
DA:42,10
DA:43,11
DA:44,11
DA:45,11
DA:48,10
DA:49,10
DA:51,10
DA:52,18
DA:55,18
DA:56,9
DA:57,7
DA:58,7
DA:59,7
DA:60,7
DA:61,7
DA:66,18
DA:67,11
DA:68,10
DA:74,10
DA:76,1
DA:81,10
LF:22
LH:22
BRDA:56,0,0,7
BRDA:56,0,1,2
BRDA:56,1,0,9
BRDA:56,1,1,7
BRDA:66,2,0,11
BRDA:66,2,1,7
BRDA:67,3,0,10
BRDA:67,3,1,1
BRDA:67,4,0,11
BRDA:67,4,1,10
BRF:10
BRH:10
end_of_record
TN:
SF:core/algorithms/genetic.ts
FN:34,(anonymous_0)
FN:47,(anonymous_1)
FN:54,(anonymous_2)
FN:67,(anonymous_3)
FN:99,(anonymous_4)
FN:104,(anonymous_5)
FN:110,(anonymous_6)
FN:116,(anonymous_7)
FNF:8
FNH:0
FNDA:0,(anonymous_0)
FNDA:0,(anonymous_1)
FNDA:0,(anonymous_2)
FNDA:0,(anonymous_3)
FNDA:0,(anonymous_4)
FNDA:0,(anonymous_5)
FNDA:0,(anonymous_6)
FNDA:0,(anonymous_7)
DA:30,0
DA:32,0
DA:35,0
DA:54,0
DA:60,0
DA:63,0
DA:64,0
DA:67,0
DA:68,0
DA:69,0
DA:73,0
DA:74,0
DA:75,0
DA:78,0
DA:79,0
DA:81,0
DA:84,0
DA:85,0
DA:88,0
DA:94,0
DA:95,0
DA:99,0
DA:100,0
DA:105,0
DA:106,0
DA:111,0
DA:112,0
DA:113,0
DA:114,0
DA:116,0
DA:117,0
LF:31
LH:0
BRDA:34,0,0,0
BRDA:36,1,0,0
BRDA:36,1,1,0
BRDA:37,2,0,0
BRDA:37,2,1,0
BRDA:38,3,0,0
BRDA:38,3,1,0
BRDA:39,4,0,0
BRDA:39,4,1,0
BRDA:40,5,0,0
BRDA:40,5,1,0
BRDA:78,6,0,0
BRDA:78,6,1,0
BRDA:84,7,0,0
BRDA:84,7,1,0
BRDA:100,8,0,0
BRDA:100,8,1,0
BRDA:110,9,0,0
BRDA:117,10,0,0
BRDA:117,10,1,0
BRF:20
BRH:0
end_of_record
TN:
SF:core/algorithms/least-loaded.ts
FN:39,(anonymous_0)
FN:45,(anonymous_1)
FNF:2
FNH:2
FNDA:9,(anonymous_0)
FNDA:10,(anonymous_1)
DA:38,5
DA:40,9
DA:41,1
DA:45,8
DA:46,10
DA:47,10
DA:48,10
DA:52,8
DA:57,8
DA:58,8
DA:60,8
LF:11
LH:11
BRDA:40,0,0,1
BRDA:40,0,1,8
BRF:2
BRH:2
end_of_record
TN:
SF:core/algorithms/simulated-annealing.ts
FN:32,(anonymous_0)
FN:44,(anonymous_1)
FN:87,(anonymous_2)
FNF:3
FNH:0
FNDA:0,(anonymous_0)
FNDA:0,(anonymous_1)
FNDA:0,(anonymous_2)
DA:29,0
DA:33,0
DA:49,0
DA:54,0
DA:55,0
DA:56,0
DA:58,0
DA:60,0
DA:61,0
DA:64,0
DA:67,0
DA:68,0
DA:74,0
DA:75,0
DA:80,0
DA:81,0
DA:84,0
DA:88,0
LF:18
LH:0
BRDA:32,0,0,0
BRDA:34,1,0,0
BRDA:34,1,1,0
BRDA:35,2,0,0
BRDA:35,2,1,0
BRDA:36,3,0,0
BRDA:36,3,1,0
BRDA:37,4,0,0
BRDA:37,4,1,0
BRDA:58,5,0,0
BRDA:58,5,1,0
BRDA:67,6,0,0
BRDA:67,6,1,0
BRDA:67,7,0,0
BRDA:67,7,1,0
BRDA:74,8,0,0
BRDA:74,8,1,0
BRF:17
BRH:0
end_of_record
TN:
SF:core/analytics/cost-calculator.ts
FN:44,(anonymous_0)
FN:51,(anonymous_1)
FN:80,(anonymous_2)
FNF:3
FNH:2
FNDA:4,(anonymous_0)
FNDA:6,(anonymous_1)
FNDA:0,(anonymous_2)
DA:34,3
DA:41,3
DA:45,4
DA:52,6
DA:53,6
DA:59,6
DA:60,6
DA:61,6
DA:63,6
DA:81,0
LF:10
LH:9
BRDA:44,0,0,4
BRDA:61,1,0,6
BRDA:61,1,1,5
BRF:3
BRH:3
end_of_record
TN:
SF:core/analytics/index.ts
FNF:0
FNH:0
DA:1,3
DA:2,3
DA:3,3
LF:3
LH:3
BRF:0
BRH:0
end_of_record
TN:
SF:core/analytics/recommendations.ts
FN:22,(anonymous_0)
FN:29,(anonymous_1)
FNF:2
FNH:2
FNDA:3,(anonymous_0)
FNDA:2,(anonymous_1)
DA:19,3
DA:23,3
DA:30,2
DA:31,2
DA:34,2
DA:35,1
DA:36,1
DA:37,1
DA:38,1
DA:40,1
DA:52,2
DA:53,1
DA:54,1
DA:55,1
DA:56,1
DA:58,1
DA:69,2
LF:17
LH:17
BRDA:34,0,0,1
BRDA:34,0,1,1
BRDA:52,1,0,1
BRDA:52,1,1,1
BRF:4
BRH:4
end_of_record
TN:
SF:core/analytics/reporting.ts
FN:19,(anonymous_0)
FN:51,(anonymous_1)
FN:59,(anonymous_2)
FN:64,(anonymous_3)
FNF:4
FNH:4
FNDA:3,(anonymous_0)
FNDA:1,(anonymous_1)
FNDA:1,(anonymous_2)
FNDA:1,(anonymous_3)
DA:15,3
DA:20,3
DA:21,1
DA:24,2
DA:25,1
DA:42,1
DA:43,1
DA:44,1
DA:45,1
DA:46,1
DA:47,1
DA:49,1
DA:50,1
DA:51,1
DA:52,1
DA:56,1
DA:60,1
DA:61,1
DA:64,1
LF:19
LH:19
BRDA:20,0,0,1
BRDA:20,0,1,2
BRDA:24,1,0,1
BRDA:24,1,1,1
BRDA:35,2,0,1
BRDA:35,2,1,0
BRDA:49,3,0,1
BRDA:49,3,1,0
BRDA:49,4,0,1
BRDA:49,4,1,1
BRDA:60,5,0,0
BRDA:60,5,1,1
BRF:12
BRH:9
end_of_record
TN:
SF:core/anomaly/detector.ts
FN:60,(anonymous_0)
FN:74,(anonymous_1)
FN:98,(anonymous_2)
FN:106,(anonymous_3)
FN:144,(anonymous_4)
FN:145,(anonymous_5)
FN:146,(anonymous_6)
FN:155,(anonymous_7)
FN:165,(anonymous_8)
FN:173,(anonymous_9)
FN:180,(anonymous_10)
FN:181,(anonymous_11)
FN:187,(anonymous_12)
FN:194,(anonymous_13)
FN:201,(anonymous_14)
FN:208,(anonymous_15)
FN:214,(anonymous_16)
FNF:17
FNH:17
FNDA:40,(anonymous_0)
FNDA:97,(anonymous_1)
FNDA:97,(anonymous_2)
FNDA:634,(anonymous_3)
FNDA:56,(anonymous_4)
FNDA:644,(anonymous_5)
FNDA:644,(anonymous_6)
FNDA:4,(anonymous_7)
FNDA:4,(anonymous_8)
FNDA:5,(anonymous_9)
FNDA:1,(anonymous_10)
FNDA:1,(anonymous_11)
FNDA:1,(anonymous_12)
FNDA:4,(anonymous_13)
FNDA:1,(anonymous_14)
FNDA:2,(anonymous_15)
FNDA:10,(anonymous_16)
DA:55,5
DA:61,40
DA:67,40
DA:68,40
DA:75,97
DA:76,14
DA:79,97
DA:80,97
DA:87,97
DA:88,10
DA:92,97
DA:99,97
DA:102,97
DA:103,42
DA:106,634
DA:107,55
DA:112,55
DA:113,12
DA:115,43
DA:118,55
DA:119,4
DA:120,4
DA:130,4
DA:132,4
DA:133,0
DA:137,4
DA:145,644
DA:146,644
DA:147,56
DA:149,56
DA:156,4
DA:157,4
DA:158,4
DA:159,4
DA:174,5
DA:181,1
DA:188,1
DA:195,4
DA:202,1
DA:209,2
DA:210,2
DA:211,1
DA:214,10
DA:215,1
DA:217,1
LF:45
LH:44
BRDA:60,0,0,0
BRDA:62,1,0,40
BRDA:62,1,1,0
BRDA:63,2,0,40
BRDA:63,2,1,1
BRDA:64,3,0,40
BRDA:64,3,1,1
BRDA:65,4,0,40
BRDA:65,4,1,40
BRDA:75,5,0,14
BRDA:75,5,1,83
BRDA:87,6,0,10
BRDA:87,6,1,87
BRDA:102,7,0,42
BRDA:102,7,1,55
BRDA:112,8,0,12
BRDA:112,8,1,43
BRDA:113,9,0,12
BRDA:113,9,1,0
BRDA:118,10,0,4
BRDA:118,10,1,51
BRDA:127,11,0,0
BRDA:127,11,1,4
BRDA:132,12,0,0
BRDA:132,12,1,4
BRDA:156,13,0,0
BRDA:156,13,1,4
BRDA:157,14,0,0
BRDA:157,14,1,4
BRDA:158,15,0,0
BRDA:158,15,1,4
BRDA:195,16,0,4
BRDA:195,16,1,0
BRDA:210,17,0,1
BRDA:210,17,1,1
BRDA:210,18,0,2
BRDA:210,18,1,1
BRF:37
BRH:28
end_of_record
TN:
SF:core/caching/lru-cache.ts
FN:44,(anonymous_0)
FN:60,(anonymous_1)
FN:93,(anonymous_2)
FN:121,(anonymous_3)
FN:138,(anonymous_4)
FN:149,(anonymous_5)
FN:159,(anonymous_6)
FN:166,(anonymous_7)
FN:173,(anonymous_8)
FNF:9
FNH:5
FNDA:29,(anonymous_0)
FNDA:8,(anonymous_1)
FNDA:5,(anonymous_2)
FNDA:0,(anonymous_3)
FNDA:0,(anonymous_4)
FNDA:1,(anonymous_5)
FNDA:1,(anonymous_6)
FNDA:0,(anonymous_7)
FNDA:0,(anonymous_8)
DA:37,4
DA:45,29
DA:46,29
DA:47,29
DA:48,29
DA:49,29
DA:61,8
DA:63,8
DA:64,8
DA:65,8
DA:69,0
DA:70,0
DA:71,0
DA:72,0
DA:73,0
DA:75,0
DA:79,0
DA:80,0
DA:83,0
DA:84,0
DA:86,0
DA:87,0
DA:95,5
DA:96,0
DA:100,5
DA:101,0
DA:102,0
DA:103,0
DA:104,0
DA:109,5
DA:115,5
DA:122,0
DA:123,0
DA:126,0
DA:127,0
DA:128,0
DA:129,0
DA:132,0
DA:139,0
DA:140,0
DA:141,0
DA:143,0
DA:150,1
DA:151,1
DA:152,1
DA:160,1
DA:167,0
DA:174,0
DA:175,0
LF:49
LH:18
BRDA:44,0,0,0
BRDA:45,1,0,29
BRDA:45,1,1,0
BRDA:46,2,0,29
BRDA:46,2,1,0
BRDA:47,3,0,29
BRDA:47,3,1,0
BRDA:63,4,0,8
BRDA:63,4,1,0
BRDA:64,5,0,8
BRDA:64,5,1,0
BRDA:69,6,0,0
BRDA:69,6,1,0
BRDA:71,7,0,0
BRDA:71,7,1,0
BRDA:86,8,0,0
BRDA:86,8,1,0
BRDA:95,9,0,0
BRDA:95,9,1,5
BRDA:100,10,0,0
BRDA:100,10,1,5
BRDA:102,11,0,0
BRDA:102,11,1,0
BRDA:104,12,0,0
BRDA:104,12,1,0
BRDA:115,13,0,5
BRDA:115,13,1,0
BRDA:123,14,0,0
BRDA:123,14,1,0
BRDA:126,15,0,0
BRDA:126,15,1,0
BRDA:128,16,0,0
BRDA:128,16,1,0
BRDA:140,17,0,0
BRDA:140,17,1,0
BRDA:140,18,0,0
BRDA:140,18,1,0
BRDA:151,19,0,1
BRDA:151,19,1,0
BRDA:175,20,0,0
BRDA:175,20,1,0
BRF:41
BRH:9
end_of_record
TN:
SF:core/migrations/migration-manager.ts
FN:50,(anonymous_9)
FN:59,(anonymous_10)
FN:69,(anonymous_11)
FN:74,(anonymous_12)
FN:88,(anonymous_13)
FN:110,(anonymous_14)
FN:118,(anonymous_15)
FN:119,(anonymous_16)
FN:125,(anonymous_17)
FN:142,(anonymous_18)
FN:178,(anonymous_19)
FN:184,(anonymous_20)
FN:217,(anonymous_21)
FN:237,(anonymous_22)
FN:258,(anonymous_23)
FN:273,(anonymous_24)
FNF:16
FNH:16
FNDA:17,(anonymous_9)
FNDA:23,(anonymous_10)
FNDA:17,(anonymous_11)
FNDA:1,(anonymous_12)
FNDA:18,(anonymous_13)
FNDA:15,(anonymous_14)
FNDA:26,(anonymous_15)
FNDA:14,(anonymous_16)
FNDA:17,(anonymous_17)
FNDA:14,(anonymous_18)
FNDA:6,(anonymous_19)
FNDA:6,(anonymous_20)
FNDA:5,(anonymous_21)
FNDA:2,(anonymous_22)
FNDA:10,(anonymous_23)
FNDA:1,(anonymous_24)
DA:14,1
DA:15,1
DA:16,1
DA:44,1
DA:45,17
DA:46,17
DA:51,17
DA:52,17
DA:53,17
DA:60,23
DA:61,1
DA:63,22
DA:70,17
DA:71,17
DA:72,1
DA:73,1
DA:74,1
DA:80,0
DA:81,0
DA:89,18
DA:90,18
DA:91,18
DA:92,0
DA:95,18
DA:100,18
DA:102,0
DA:103,0
DA:111,15
DA:112,15
DA:119,26
DA:126,17
DA:127,17
DA:129,17
DA:130,26
DA:131,16
DA:132,16
DA:136,17
DA:143,14
DA:145,14
DA:147,14
DA:150,14
DA:151,1
DA:152,1
DA:153,0
DA:158,14
DA:165,14
DA:166,14
DA:168,14
DA:170,0
DA:171,0
DA:179,6
DA:180,6
DA:181,1
DA:184,6
DA:185,5
DA:186,1
DA:189,4
DA:191,4
DA:193,4
DA:196,4
DA:197,0
DA:198,0
DA:199,0
DA:204,4
DA:205,4
DA:207,4
DA:209,0
DA:210,0
DA:218,5
DA:220,5
DA:221,1
DA:222,1
DA:225,4
DA:227,4
DA:228,7
DA:231,4
DA:238,2
DA:239,0
DA:240,0
DA:243,2
DA:244,2
DA:247,2
DA:248,3
DA:249,3
DA:252,2
DA:263,10
DA:274,1
DA:275,1
DA:276,1
DA:277,0
DA:278,0
DA:281,1
DA:282,1
DA:283,0
DA:284,0
DA:288,1
LF:96
LH:77
BRDA:52,0,0,17
BRDA:52,0,1,17
BRDA:60,1,0,1
BRDA:60,1,1,22
BRDA:71,2,0,1
BRDA:71,2,1,16
BRDA:91,3,0,0
BRDA:91,3,1,18
BRDA:130,4,0,16
BRDA:130,4,1,10
BRDA:150,5,0,1
BRDA:150,5,1,13
BRDA:152,6,0,0
BRDA:152,6,1,1
BRDA:180,7,0,1
BRDA:180,7,1,5
BRDA:185,8,0,1
BRDA:185,8,1,4
BRDA:196,9,0,0
BRDA:196,9,1,4
BRDA:198,10,0,0
BRDA:198,10,1,0
BRDA:220,11,0,1
BRDA:220,11,1,4
BRDA:237,12,0,0
BRDA:238,13,0,0
BRDA:238,13,1,2
BRDA:276,14,0,0
BRDA:276,14,1,1
BRDA:282,15,0,0
BRDA:282,15,1,1
BRF:31
BRH:22
end_of_record
TN:
SF:core/monitoring/health-tracker.ts
FN:49,(anonymous_1)
FN:57,(anonymous_2)
FN:66,(anonymous_3)
FN:67,(anonymous_4)
FN:79,(anonymous_5)
FN:101,(anonymous_6)
FN:106,(anonymous_7)
FN:145,(anonymous_8)
FN:182,(anonymous_9)
FN:213,(anonymous_10)
FN:237,(anonymous_11)
FN:244,(anonymous_12)
FN:251,(anonymous_13)
FN:263,(anonymous_14)
FN:270,(anonymous_15)
FN:278,(anonymous_16)
FNF:16
FNH:16
FNDA:17,(anonymous_1)
FNDA:9,(anonymous_2)
FNDA:27,(anonymous_3)
FNDA:27,(anonymous_4)
FNDA:27,(anonymous_5)
FNDA:9,(anonymous_6)
FNDA:72,(anonymous_7)
FNDA:9,(anonymous_8)
FNDA:9,(anonymous_9)
FNDA:624,(anonymous_10)
FNDA:6,(anonymous_11)
FNDA:2,(anonymous_12)
FNDA:27,(anonymous_13)
FNDA:1,(anonymous_14)
FNDA:3,(anonymous_15)
FNDA:6,(anonymous_16)
DA:10,3
DA:11,3
DA:41,3
DA:44,17
DA:45,17
DA:46,17
DA:47,17
DA:50,17
DA:51,17
DA:58,9
DA:61,9
DA:62,9
DA:63,9
DA:66,27
DA:67,27
DA:70,9
DA:71,9
DA:72,0
DA:73,0
DA:75,0
DA:79,27
DA:81,9
DA:89,9
DA:90,9
DA:91,0
DA:92,0
DA:95,9
DA:102,9
DA:103,9
DA:104,9
DA:106,9
DA:107,72
DA:108,360
DA:110,72
DA:113,9
DA:114,9
DA:119,9
DA:120,0
DA:121,0
DA:122,9
DA:123,0
DA:124,0
DA:126,9
DA:127,9
DA:130,9
DA:146,9
DA:147,9
DA:148,9
DA:149,9
DA:154,9
DA:155,9
DA:156,9
DA:157,0
DA:158,0
DA:159,0
DA:161,0
DA:162,0
DA:165,9
DA:183,9
DA:184,9
DA:190,9
DA:191,9
DA:192,9
DA:194,0
DA:195,0
DA:198,9
DA:214,624
DA:219,624
DA:222,624
DA:223,100
DA:227,624
DA:228,623
DA:230,1
DA:238,6
DA:245,2
DA:252,27
DA:255,27
DA:256,0
DA:264,1
DA:276,3
DA:278,6
DA:280,3
LF:82
LH:65
BRDA:50,0,0,17
BRDA:50,0,1,17
BRDA:70,1,0,9
BRDA:70,1,1,0
BRDA:72,2,0,0
BRDA:72,2,1,0
BRDA:89,3,0,9
BRDA:89,3,1,0
BRDA:91,4,0,0
BRDA:91,4,1,0
BRDA:119,5,0,0
BRDA:119,5,1,9
BRDA:122,6,0,0
BRDA:122,6,1,9
BRDA:154,7,0,9
BRDA:154,7,1,0
BRDA:157,8,0,0
BRDA:157,8,1,0
BRDA:190,9,0,9
BRDA:190,9,1,0
BRDA:222,10,0,100
BRDA:222,10,1,524
BRDA:227,11,0,623
BRDA:227,11,1,1
BRDA:237,12,0,3
BRDA:244,13,0,1
BRDA:255,14,0,0
BRDA:255,14,1,27
BRF:28
BRH:15
end_of_record
TN:
SF:core/monitoring/logger.ts
FN:14,(anonymous_0)
FN:44,(anonymous_1)
FN:50,(anonymous_2)
FN:66,(anonymous_3)
FN:93,(anonymous_4)
FN:97,(anonymous_5)
FN:101,(anonymous_6)
FN:105,(anonymous_7)
FN:109,(anonymous_8)
FN:113,(anonymous_9)
FNF:10
FNH:6
FNDA:6,(anonymous_0)
FNDA:71,(anonymous_1)
FNDA:759,(anonymous_2)
FNDA:759,(anonymous_3)
FNDA:0,(anonymous_4)
FNDA:745,(anonymous_5)
FNDA:0,(anonymous_6)
FNDA:14,(anonymous_7)
FNDA:0,(anonymous_8)
FNDA:0,(anonymous_9)
DA:14,6
DA:15,6
DA:16,6
DA:17,6
DA:18,6
DA:19,6
DA:39,6
DA:45,71
DA:46,71
DA:47,71
DA:51,759
DA:53,759
DA:61,759
DA:62,759
DA:67,759
DA:69,759
DA:70,759
DA:73,759
DA:74,759
DA:76,759
DA:78,759
DA:80,14
DA:81,14
DA:83,0
DA:84,0
DA:86,0
DA:87,0
DA:89,745
DA:94,0
DA:98,745
DA:102,0
DA:106,14
DA:110,0
DA:114,0
DA:119,6
LF:35
LH:27
BRDA:14,0,0,6
BRDA:14,0,1,6
BRDA:44,1,0,42
BRDA:45,2,0,71
BRDA:45,2,1,42
BRDA:46,3,0,71
BRDA:46,3,1,42
BRDA:47,4,0,71
BRDA:47,4,1,42
BRDA:51,5,0,0
BRDA:51,5,1,759
BRDA:54,6,0,759
BRDA:54,6,1,0
BRDA:61,7,0,759
BRDA:61,7,1,0
BRDA:69,8,0,759
BRDA:69,8,1,0
BRDA:78,9,0,14
BRDA:78,9,1,0
BRDA:78,9,2,0
BRDA:78,9,3,745
BRDA:80,10,0,14
BRDA:80,10,1,1
BRDA:80,11,0,14
BRDA:80,11,1,11
BRDA:83,12,0,0
BRDA:83,12,1,0
BRDA:86,13,0,0
BRDA:86,13,1,0
BRDA:89,14,0,745
BRDA:89,14,1,67
BRF:31
BRH:21
end_of_record
TN:
SF:core/monitoring/metrics.ts
FN:40,(anonymous_0)
FN:47,(anonymous_1)
FN:59,(anonymous_2)
FN:72,(anonymous_3)
FN:72,(anonymous_4)
FN:73,(anonymous_5)
FN:82,(anonymous_6)
FN:94,(anonymous_7)
FN:101,(anonymous_8)
FN:108,(anonymous_9)
FNF:10
FNH:4
FNDA:4,(anonymous_0)
FNDA:5,(anonymous_1)
FNDA:1,(anonymous_2)
FNDA:0,(anonymous_3)
FNDA:0,(anonymous_4)
FNDA:0,(anonymous_5)
FNDA:0,(anonymous_6)
FNDA:1,(anonymous_7)
FNDA:0,(anonymous_8)
FNDA:0,(anonymous_9)
DA:36,4
DA:37,4
DA:41,4
DA:48,5
DA:51,5
DA:52,0
DA:60,1
DA:61,1
DA:72,0
DA:73,0
DA:74,0
DA:76,0
DA:77,0
DA:80,0
DA:82,0
DA:95,1
DA:102,0
DA:109,0
DA:110,0
DA:115,4
LF:20
LH:9
BRDA:40,0,0,4
BRDA:51,1,0,0
BRDA:51,1,1,5
BRDA:60,2,0,1
BRDA:60,2,1,0
BRDA:77,3,0,0
BRDA:77,3,1,0
BRDA:94,4,0,0
BRDA:110,5,0,0
BRDA:110,5,1,0
BRF:10
BRH:3
end_of_record
TN:
SF:core/monitoring/prometheus.ts
FN:53,(anonymous_0)
FNF:1
FNH:0
FNDA:0,(anonymous_0)
DA:17,0
DA:20,0
DA:27,0
DA:35,0
DA:41,0
DA:47,0
DA:53,0
LF:7
LH:0
BRF:0
BRH:0
end_of_record
TN:
SF:core/plugins/base-plugin.ts
FN:25,(anonymous_0)
FN:37,(anonymous_1)
FN:41,(anonymous_2)
FNF:3
FNH:2
FNDA:9,(anonymous_0)
FNDA:2,(anonymous_1)
FNDA:0,(anonymous_2)
DA:20,1
DA:23,10
DA:26,9
DA:27,9
DA:38,2
DA:42,0
DA:43,0
LF:7
LH:5
BRDA:42,0,0,0
BRDA:42,0,1,0
BRF:2
BRH:0
end_of_record
TN:
SF:core/plugins/index.ts
FNF:0
FNH:0
DA:14,0
DA:15,0
DA:16,0
DA:17,0
LF:4
LH:0
BRF:0
BRH:0
end_of_record
TN:
SF:core/plugins/interfaces.ts
FN:106,(anonymous_0)
FNF:1
FNH:1
FNDA:5,(anonymous_0)
DA:106,5
DA:107,5
DA:108,5
DA:109,5
DA:110,5
DA:111,5
LF:6
LH:6
BRDA:106,0,0,5
BRDA:106,0,1,5
BRF:2
BRH:2
end_of_record
TN:
SF:core/plugins/ml-plugin.ts
FN:35,(anonymous_0)
FN:39,(anonymous_1)
FN:44,(anonymous_2)
FN:96,(anonymous_3)
FNF:4
FNH:0
FNDA:0,(anonymous_0)
FNDA:0,(anonymous_1)
FNDA:0,(anonymous_2)
FNDA:0,(anonymous_3)
DA:15,0
DA:21,0
DA:22,0
DA:36,0
DA:41,0
DA:48,0
DA:50,0
DA:52,0
DA:53,0
DA:54,0
DA:58,0
DA:59,0
DA:63,0
DA:65,0
DA:67,0
DA:81,0
DA:82,0
DA:84,0
DA:98,0
DA:99,0
DA:101,0
LF:21
LH:0
BRDA:41,0,0,0
BRDA:41,0,1,0
BRDA:53,1,0,0
BRDA:53,1,1,0
BRDA:58,2,0,0
BRDA:58,2,1,0
BRDA:58,3,0,0
BRDA:58,3,1,0
BRDA:73,4,0,0
BRDA:73,4,1,0
BRDA:82,5,0,0
BRDA:82,5,1,0
BRDA:98,6,0,0
BRDA:98,6,1,0
BRF:14
BRH:0
end_of_record
TN:
SF:core/plugins/registry.ts
FN:28,(anonymous_0)
FN:60,(anonymous_1)
FN:83,(anonymous_2)
FN:90,(anonymous_3)
FN:97,(anonymous_4)
FN:100,(anonymous_5)
FN:104,(anonymous_6)
FN:111,(anonymous_7)
FN:120,(anonymous_8)
FN:136,(anonymous_9)
FN:152,(anonymous_10)
FN:159,(anonymous_11)
FN:178,(anonymous_12)
FN:179,(anonymous_13)
FN:180,(anonymous_14)
FN:194,(anonymous_15)
FNF:16
FNH:11
FNDA:10,(anonymous_0)
FNDA:2,(anonymous_1)
FNDA:2,(anonymous_2)
FNDA:0,(anonymous_3)
FNDA:3,(anonymous_4)
FNDA:4,(anonymous_5)
FNDA:3,(anonymous_6)
FNDA:1,(anonymous_7)
FNDA:1,(anonymous_8)
FNDA:1,(anonymous_9)
FNDA:2,(anonymous_10)
FNDA:0,(anonymous_11)
FNDA:0,(anonymous_12)
FNDA:0,(anonymous_13)
FNDA:0,(anonymous_14)
FNDA:13,(anonymous_15)
DA:14,5
DA:15,5
DA:21,5
DA:22,13
DA:23,13
DA:29,10
DA:31,10
DA:32,1
DA:36,9
DA:43,9
DA:46,9
DA:47,9
DA:50,9
DA:61,2
DA:62,2
DA:63,0
DA:67,2
DA:70,2
DA:71,2
DA:74,2
DA:84,2
DA:91,0
DA:99,3
DA:101,4
DA:102,4
DA:104,3
DA:111,3
DA:114,3
DA:121,1
DA:122,1
DA:123,0
DA:126,1
DA:127,1
DA:137,1
DA:138,1
DA:139,0
DA:142,1
DA:143,1
DA:153,2
DA:160,0
DA:161,0
DA:163,0
DA:164,0
DA:168,0
DA:169,0
DA:172,0
DA:179,0
DA:180,0
DA:181,0
DA:189,0
DA:190,0
DA:191,0
DA:195,13
DA:200,5
LF:54
LH:37
BRDA:31,0,0,1
BRDA:31,0,1,9
BRDA:62,1,0,0
BRDA:62,1,1,2
BRDA:102,2,0,4
BRDA:102,2,1,4
BRDA:107,3,0,3
BRDA:107,3,1,1
BRDA:122,4,0,0
BRDA:122,4,1,1
BRDA:138,5,0,0
BRDA:138,5,1,1
BRDA:163,6,0,0
BRDA:163,6,1,0
BRDA:163,7,0,0
BRDA:163,7,1,0
BRF:16
BRH:9
end_of_record
TN:
SF:core/plugins/workload-collector.ts
FN:37,(anonymous_0)
FN:48,(anonymous_1)
FN:72,(anonymous_2)
FN:79,(anonymous_3)
FN:80,(anonymous_4)
FN:86,(anonymous_5)
FN:88,(anonymous_6)
FN:95,(anonymous_7)
FN:102,(anonymous_8)
FN:118,(anonymous_9)
FN:119,(anonymous_10)
FN:132,(anonymous_11)
FN:133,(anonymous_12)
FN:152,(anonymous_13)
FN:159,(anonymous_14)
FN:183,(anonymous_15)
FNF:16
FNH:16
FNDA:14,(anonymous_0)
FNDA:25,(anonymous_1)
FNDA:3,(anonymous_2)
FNDA:1,(anonymous_3)
FNDA:3,(anonymous_4)
FNDA:2,(anonymous_5)
FNDA:2,(anonymous_6)
FNDA:1,(anonymous_7)
FNDA:1,(anonymous_8)
FNDA:3,(anonymous_9)
FNDA:3,(anonymous_10)
FNDA:3,(anonymous_11)
FNDA:3,(anonymous_12)
FNDA:1,(anonymous_13)
FNDA:1,(anonymous_14)
FNDA:25,(anonymous_15)
DA:27,5
DA:28,5
DA:33,5
DA:34,14
DA:38,14
DA:49,25
DA:61,25
DA:64,25
DA:65,5
DA:73,3
DA:80,3
DA:87,2
DA:88,2
DA:96,1
DA:108,1
DA:109,0
DA:117,1
DA:118,3
DA:119,3
DA:122,1
DA:123,1
DA:124,3
DA:125,2
DA:127,3
DA:130,1
DA:131,1
DA:132,3
DA:133,3
DA:134,2
DA:141,1
DA:153,1
DA:164,1
DA:165,1
DA:166,1
DA:168,1
DA:169,1
DA:170,1
DA:173,1
DA:187,25
DA:190,25
DA:191,1
DA:192,1
DA:193,1
DA:197,25
DA:198,24
DA:201,25
DA:206,5
LF:47
LH:46
BRDA:37,0,0,13
BRDA:39,1,0,14
BRDA:39,1,1,13
BRDA:40,2,0,14
BRDA:40,2,1,14
BRDA:41,3,0,14
BRDA:41,3,1,14
BRDA:53,4,0,25
BRDA:53,4,1,0
BRDA:64,5,0,5
BRDA:64,5,1,20
BRDA:88,6,0,2
BRDA:88,6,1,1
BRDA:108,7,0,0
BRDA:108,7,1,1
BRDA:124,8,0,2
BRDA:124,8,1,1
BRDA:169,9,0,1
BRDA:169,9,1,0
BRDA:170,10,0,1
BRDA:170,10,1,0
BRDA:190,11,0,1
BRDA:190,11,1,24
BRDA:192,12,0,1
BRDA:192,12,1,0
BRDA:193,13,0,1
BRDA:193,13,1,0
BRDA:197,14,0,24
BRDA:197,14,1,1
BRF:29
BRH:23
end_of_record
TN:
SF:core/providers/aws-provider.ts
FN:29,(anonymous_0)
FN:33,(anonymous_1)
FN:40,(anonymous_2)
FN:58,(anonymous_3)
FN:61,(anonymous_4)
FN:66,(anonymous_5)
FN:70,(anonymous_6)
FN:102,(anonymous_7)
FN:114,(anonymous_8)
FN:118,(anonymous_9)
FNF:10
FNH:10
FNDA:34,(anonymous_0)
FNDA:40,(anonymous_1)
FNDA:40,(anonymous_2)
FNDA:39,(anonymous_3)
FNDA:24,(anonymous_4)
FNDA:3,(anonymous_5)
FNDA:16,(anonymous_6)
FNDA:1,(anonymous_7)
FNDA:1,(anonymous_8)
FNDA:1,(anonymous_9)
DA:19,6
DA:20,40
DA:21,40
DA:22,40
DA:30,34
DA:34,40
DA:37,40
DA:42,40
DA:43,160
DA:44,320
DA:45,320
DA:59,39
DA:60,39
DA:61,24
DA:63,36
DA:67,3
DA:71,16
DA:72,16
DA:73,0
DA:77,16
DA:78,16
DA:80,16
DA:81,1
DA:85,15
DA:86,15
DA:87,15
DA:90,15
DA:95,15
DA:96,0
DA:99,15
DA:103,1
DA:104,1
DA:105,0
DA:110,1
DA:111,1
DA:115,1
DA:120,1
LF:37
LH:34
BRDA:60,0,0,3
BRDA:60,0,1,36
BRDA:67,1,0,3
BRDA:67,1,1,1
BRDA:72,2,0,0
BRDA:72,2,1,16
BRDA:80,3,0,1
BRDA:80,3,1,15
BRDA:80,4,0,16
BRDA:80,4,1,15
BRDA:87,5,0,15
BRDA:87,5,1,15
BRDA:87,6,0,15
BRDA:87,6,1,15
BRDA:95,7,0,0
BRDA:95,7,1,15
BRDA:104,8,0,0
BRDA:104,8,1,1
BRF:18
BRH:15
end_of_record
TN:
SF:core/providers/azure-provider.ts
FN:28,(anonymous_0)
FN:32,(anonymous_1)
FN:38,(anonymous_2)
FN:55,(anonymous_3)
FN:58,(anonymous_4)
FN:63,(anonymous_5)
FN:67,(anonymous_6)
FN:96,(anonymous_7)
FN:106,(anonymous_8)
FN:110,(anonymous_9)
FNF:10
FNH:10
FNDA:32,(anonymous_0)
FNDA:37,(anonymous_1)
FNDA:37,(anonymous_2)
FNDA:36,(anonymous_3)
FNDA:12,(anonymous_4)
FNDA:3,(anonymous_5)
FNDA:2,(anonymous_6)
FNDA:1,(anonymous_7)
FNDA:1,(anonymous_8)
FNDA:1,(anonymous_9)
DA:19,6
DA:20,37
DA:21,37
DA:22,37
DA:29,32
DA:33,37
DA:35,37
DA:39,37
DA:40,111
DA:41,222
DA:42,222
DA:56,36
DA:57,36
DA:58,12
DA:60,34
DA:64,3
DA:68,2
DA:69,2
DA:70,0
DA:73,2
DA:74,2
DA:76,2
DA:77,1
DA:80,1
DA:81,1
DA:82,1
DA:84,1
DA:89,1
DA:90,0
DA:93,1
DA:97,1
DA:98,1
DA:99,0
DA:102,1
DA:103,1
DA:107,1
DA:111,1
LF:37
LH:34
BRDA:57,0,0,2
BRDA:57,0,1,34
BRDA:64,1,0,3
BRDA:64,1,1,1
BRDA:69,2,0,0
BRDA:69,2,1,2
BRDA:76,3,0,1
BRDA:76,3,1,1
BRDA:76,4,0,2
BRDA:76,4,1,1
BRDA:82,5,0,1
BRDA:82,5,1,1
BRDA:82,6,0,1
BRDA:82,6,1,1
BRDA:89,7,0,0
BRDA:89,7,1,1
BRDA:98,8,0,0
BRDA:98,8,1,1
BRF:18
BRH:15
end_of_record
TN:
SF:core/providers/edge-provider.ts
FN:28,(anonymous_0)
FN:32,(anonymous_1)
FN:38,(anonymous_2)
FN:61,(anonymous_3)
FN:64,(anonymous_4)
FN:69,(anonymous_5)
FN:73,(anonymous_6)
FN:102,(anonymous_7)
FN:112,(anonymous_8)
FN:116,(anonymous_9)
FNF:10
FNH:10
FNDA:32,(anonymous_0)
FNDA:39,(anonymous_1)
FNDA:39,(anonymous_2)
FNDA:38,(anonymous_3)
FNDA:18,(anonymous_4)
FNDA:3,(anonymous_5)
FNDA:4,(anonymous_6)
FNDA:1,(anonymous_7)
FNDA:1,(anonymous_8)
FNDA:1,(anonymous_9)
DA:19,6
DA:20,39
DA:21,39
DA:22,39
DA:29,32
DA:33,39
DA:35,39
DA:39,39
DA:41,117
DA:42,351
DA:43,351
DA:62,38
DA:63,38
DA:64,18
DA:66,36
DA:70,3
DA:74,4
DA:75,4
DA:76,0
DA:79,4
DA:80,4
DA:82,4
DA:83,1
DA:86,3
DA:87,3
DA:88,3
DA:90,3
DA:95,3
DA:96,0
DA:99,3
DA:103,1
DA:104,1
DA:105,0
DA:108,1
DA:109,1
DA:113,1
DA:117,1
LF:37
LH:34
BRDA:63,0,0,2
BRDA:63,0,1,36
BRDA:70,1,0,3
BRDA:70,1,1,1
BRDA:75,2,0,0
BRDA:75,2,1,4
BRDA:82,3,0,1
BRDA:82,3,1,3
BRDA:82,4,0,4
BRDA:82,4,1,3
BRDA:88,5,0,3
BRDA:88,5,1,3
BRDA:88,6,0,3
BRDA:88,6,1,3
BRDA:95,7,0,0
BRDA:95,7,1,3
BRDA:104,8,0,0
BRDA:104,8,1,1
BRF:18
BRH:15
end_of_record
TN:
SF:core/providers/gcp-provider.ts
FN:28,(anonymous_0)
FN:32,(anonymous_1)
FN:38,(anonymous_2)
FN:55,(anonymous_3)
FN:58,(anonymous_4)
FN:63,(anonymous_5)
FN:67,(anonymous_6)
FN:96,(anonymous_7)
FN:106,(anonymous_8)
FN:110,(anonymous_9)
FNF:10
FNH:10
FNDA:34,(anonymous_0)
FNDA:38,(anonymous_1)
FNDA:38,(anonymous_2)
FNDA:36,(anonymous_3)
FNDA:12,(anonymous_4)
FNDA:3,(anonymous_5)
FNDA:7,(anonymous_6)
FNDA:1,(anonymous_7)
FNDA:1,(anonymous_8)
FNDA:1,(anonymous_9)
DA:19,6
DA:20,38
DA:21,38
DA:22,38
DA:29,34
DA:33,38
DA:35,38
DA:39,38
DA:40,114
DA:41,228
DA:42,228
DA:56,36
DA:57,36
DA:58,12
DA:60,34
DA:64,3
DA:68,7
DA:69,7
DA:70,0
DA:73,7
DA:74,7
DA:76,7
DA:77,1
DA:80,6
DA:81,6
DA:82,6
DA:84,6
DA:89,6
DA:90,0
DA:93,6
DA:97,1
DA:98,1
DA:99,0
DA:102,1
DA:103,1
DA:107,1
DA:111,1
LF:37
LH:34
BRDA:57,0,0,2
BRDA:57,0,1,34
BRDA:64,1,0,3
BRDA:64,1,1,1
BRDA:69,2,0,0
BRDA:69,2,1,7
BRDA:76,3,0,1
BRDA:76,3,1,6
BRDA:76,4,0,7
BRDA:76,4,1,6
BRDA:82,5,0,6
BRDA:82,5,1,6
BRDA:82,6,0,6
BRDA:82,6,1,6
BRDA:89,7,0,0
BRDA:89,7,1,6
BRDA:98,8,0,0
BRDA:98,8,1,1
BRF:18
BRH:15
end_of_record
TN:
SF:core/providers/index.ts
FNF:0
FNH:0
DA:14,2
DA:15,2
DA:16,2
DA:17,2
DA:18,2
DA:19,2
LF:6
LH:6
BRF:0
BRH:0
end_of_record
TN:
SF:core/providers/resource-manager.ts
FN:31,(anonymous_0)
FN:35,(anonymous_1)
FN:39,(anonymous_2)
FN:54,(anonymous_3)
FN:68,(anonymous_4)
FN:89,(anonymous_5)
FN:108,(anonymous_6)
FN:137,(anonymous_7)
FN:138,(anonymous_8)
FN:182,(anonymous_9)
FN:183,(anonymous_10)
FN:229,(anonymous_11)
FNF:12
FNH:12
FNDA:102,(anonymous_0)
FNDA:4,(anonymous_1)
FNDA:26,(anonymous_2)
FNDA:23,(anonymous_3)
FNDA:514,(anonymous_4)
FNDA:8,(anonymous_5)
FNDA:4,(anonymous_6)
FNDA:23,(anonymous_7)
FNDA:667,(anonymous_8)
FNDA:21,(anonymous_9)
FNDA:313,(anonymous_10)
FNDA:8,(anonymous_11)
DA:28,5
DA:29,26
DA:32,102
DA:36,4
DA:40,26
DA:42,26
DA:43,104
DA:44,3
DA:47,101
DA:48,101
DA:51,26
DA:55,23
DA:58,23
DA:60,23
DA:61,2
DA:65,21
DA:68,514
DA:71,21
DA:72,21
DA:73,21
DA:75,21
DA:76,21
DA:77,21
DA:86,0
DA:90,8
DA:93,8
DA:96,8
DA:97,12
DA:98,15
DA:99,15
DA:100,14
DA:105,8
DA:109,4
DA:111,4
DA:112,16
DA:113,16
DA:115,16
DA:116,16
DA:118,16
DA:119,116
DA:120,116
DA:121,116
DA:123,116
DA:124,116
DA:125,116
DA:128,16
DA:131,4
DA:138,23
DA:140,667
DA:141,0
DA:145,667
DA:146,667
DA:148,667
DA:149,58
DA:153,609
DA:154,145
DA:155,107
DA:160,502
DA:161,203
DA:162,189
DA:167,313
DA:168,0
DA:169,0
DA:170,0
DA:175,313
DA:183,21
DA:184,313
DA:185,313
DA:188,313
DA:189,313
DA:190,313
DA:191,313
DA:194,313
DA:198,313
DA:201,313
DA:202,14
DA:203,14
DA:207,313
DA:208,38
DA:209,38
DA:213,313
DA:214,58
DA:215,18
DA:216,18
DA:220,313
DA:222,313
DA:230,8
DA:232,8
DA:234,15
DA:235,6
DA:236,6
DA:237,6
DA:239,6
DA:242,9
DA:243,9
DA:244,6
DA:246,9
DA:250,8
LF:98
LH:93
BRDA:43,0,0,3
BRDA:43,0,1,101
BRDA:43,1,0,104
BRDA:43,1,1,4
BRDA:60,2,0,2
BRDA:60,2,1,21
BRDA:73,3,0,0
BRDA:73,3,1,21
BRDA:76,4,0,21
BRDA:76,4,1,0
BRDA:99,5,0,14
BRDA:99,5,1,1
BRDA:121,6,0,116
BRDA:121,6,1,16
BRDA:121,7,0,116
BRDA:121,7,1,0
BRDA:125,8,0,116
BRDA:125,8,1,116
BRDA:125,9,0,116
BRDA:125,9,1,116
BRDA:140,10,0,0
BRDA:140,10,1,667
BRDA:148,11,0,58
BRDA:148,11,1,609
BRDA:148,12,0,667
BRDA:148,12,1,609
BRDA:153,13,0,145
BRDA:153,13,1,464
BRDA:154,14,0,107
BRDA:154,14,1,38
BRDA:160,15,0,203
BRDA:160,15,1,299
BRDA:160,16,0,502
BRDA:160,16,1,203
BRDA:161,17,0,189
BRDA:161,17,1,14
BRDA:167,18,0,0
BRDA:167,18,1,313
BRDA:169,19,0,0
BRDA:169,19,1,0
BRDA:201,20,0,14
BRDA:201,20,1,299
BRDA:207,21,0,38
BRDA:207,21,1,275
BRDA:213,22,0,58
BRDA:213,22,1,255
BRDA:213,23,0,313
BRDA:213,23,1,58
BRDA:214,24,0,18
BRDA:214,24,1,40
BRDA:220,25,0,70
BRDA:220,25,1,243
BRDA:234,26,0,6
BRDA:234,26,1,9
BRDA:234,27,0,15
BRDA:234,27,1,6
BRDA:236,28,0,6
BRDA:236,28,1,0
BRDA:243,29,0,6
BRDA:243,29,1,3
BRF:60
BRH:52
end_of_record
TN:
SF:core/resilience/circuit-breaker.ts
FN:17,(anonymous_0)
FN:39,(anonymous_1)
FN:47,(anonymous_2)
FN:65,(anonymous_3)
FN:77,(anonymous_4)
FN:87,(anonymous_5)
FNF:6
FNH:0
FNDA:0,(anonymous_0)
FNDA:0,(anonymous_1)
FNDA:0,(anonymous_2)
FNDA:0,(anonymous_3)
FNDA:0,(anonymous_4)
FNDA:0,(anonymous_5)
DA:17,0
DA:18,0
DA:19,0
DA:20,0
DA:32,0
DA:33,0
DA:34,0
DA:35,0
DA:36,0
DA:40,0
DA:48,0
DA:49,0
DA:50,0
DA:52,0
DA:55,0
DA:56,0
DA:57,0
DA:58,0
DA:60,0
DA:61,0
DA:66,0
DA:68,0
DA:69,0
DA:70,0
DA:71,0
DA:72,0
DA:78,0
DA:79,0
DA:81,0
DA:82,0
DA:83,0
DA:88,0
LF:32
LH:0
BRDA:17,0,0,0
BRDA:17,0,1,0
BRDA:39,1,0,0
BRDA:41,2,0,0
BRDA:41,2,1,0
BRDA:42,3,0,0
BRDA:42,3,1,0
BRDA:43,4,0,0
BRDA:43,4,1,0
BRDA:48,5,0,0
BRDA:48,5,1,0
BRDA:49,6,0,0
BRDA:49,6,1,0
BRDA:68,7,0,0
BRDA:68,7,1,0
BRDA:70,8,0,0
BRDA:70,8,1,0
BRDA:81,9,0,0
BRDA:81,9,1,0
BRF:19
BRH:0
end_of_record
TN:
SF:core/resilience/retry.ts
FN:31,(anonymous_0)
FN:41,(anonymous_1)
FN:43,(anonymous_2)
FN:65,(anonymous_3)
FN:76,(anonymous_4)
FN:77,(anonymous_5)
FNF:6
FNH:0
FNDA:0,(anonymous_0)
FNDA:0,(anonymous_1)
FNDA:0,(anonymous_2)
FNDA:0,(anonymous_3)
FNDA:0,(anonymous_4)
FNDA:0,(anonymous_5)
DA:28,0
DA:32,0
DA:43,0
DA:47,0
DA:48,0
DA:49,0
DA:51,0
DA:53,0
DA:54,0
DA:57,0
DA:58,0
DA:62,0
DA:66,0
DA:67,0
DA:69,0
DA:70,0
DA:73,0
DA:77,0
LF:18
LH:0
BRDA:31,0,0,0
BRDA:33,1,0,0
BRDA:33,1,1,0
BRDA:34,2,0,0
BRDA:34,2,1,0
BRDA:35,3,0,0
BRDA:35,3,1,0
BRDA:36,4,0,0
BRDA:36,4,1,0
BRDA:37,5,0,0
BRDA:37,5,1,0
BRDA:43,6,0,0
BRDA:53,7,0,0
BRDA:53,7,1,0
BRDA:53,8,0,0
BRDA:53,8,1,0
BRDA:69,9,0,0
BRDA:69,9,1,0
BRF:18
BRH:0
end_of_record
TN:
SF:public/api.ts
FN:29,(anonymous_0)
FN:37,(anonymous_1)
FN:47,(anonymous_2)
FN:54,(anonymous_3)
FN:61,(anonymous_4)
FN:68,(anonymous_5)
FN:74,(anonymous_6)
FN:81,(anonymous_7)
FNF:8
FNH:4
FNDA:8,(anonymous_0)
FNDA:1,(anonymous_1)
FNDA:2,(anonymous_2)
FNDA:0,(anonymous_3)
FNDA:1,(anonymous_4)
FNDA:0,(anonymous_5)
FNDA:0,(anonymous_6)
FNDA:0,(anonymous_7)
DA:17,2
DA:26,2
DA:30,8
DA:38,1
DA:48,2
DA:55,0
DA:62,1
DA:69,0
DA:75,0
DA:82,0
LF:10
LH:6
BRF:0
BRH:0
end_of_record
TN:
SF:public/app.ts
FN:37,createApp
FN:72,(anonymous_2)
FNF:2
FNH:2
FNDA:2,createApp
FNDA:1,(anonymous_2)
DA:17,2
DA:18,2
DA:19,2
DA:20,2
DA:21,2
DA:22,2
DA:23,2
DA:24,2
DA:25,2
DA:26,2
DA:27,2
DA:28,2
DA:29,2
DA:30,2
DA:31,2
DA:32,2
DA:37,2
DA:38,2
DA:41,2
DA:42,2
DA:45,2
DA:46,2
DA:49,2
DA:54,2
DA:57,2
DA:60,2
DA:61,2
DA:62,2
DA:63,2
DA:64,2
DA:65,2
DA:66,2
DA:67,2
DA:68,2
DA:69,2
DA:72,2
DA:73,1
DA:92,2
DA:94,2
LF:39
LH:39
BRF:0
BRH:0
end_of_record
TN:
SF:public/server.ts
FN:25,startServer
FN:35,(anonymous_1)
FN:42,(anonymous_2)
FN:44,(anonymous_3)
FN:51,(anonymous_4)
FN:53,(anonymous_5)
FNF:6
FNH:0
FNDA:0,startServer
FNDA:0,(anonymous_1)
FNDA:0,(anonymous_2)
FNDA:0,(anonymous_3)
FNDA:0,(anonymous_4)
FNDA:0,(anonymous_5)
DA:17,0
DA:18,0
DA:20,0
DA:23,0
DA:26,0
DA:28,0
DA:29,0
DA:32,0
DA:35,0
DA:36,0
DA:37,0
DA:38,0
DA:42,0
DA:43,0
DA:44,0
DA:45,0
DA:46,0
DA:47,0
DA:51,0
DA:52,0
DA:53,0
DA:54,0
DA:55,0
DA:56,0
DA:60,0
DA:61,0
DA:65,0
LF:27
LH:0
BRDA:20,0,0,0
BRDA:20,0,1,0
BRF:2
BRH:0
end_of_record
TN:
SF:public/middleware/api-version.ts
FN:22,(anonymous_0)
FN:41,apiVersionMiddleware
FN:85,deprecationWarningMiddleware
FN:90,(anonymous_3)
FN:115,(anonymous_4)
FN:127,(anonymous_5)
FN:136,(anonymous_6)
FN:149,(anonymous_7)
FN:161,autoTransformMiddleware
FN:171,(anonymous_9)
FNF:10
FNH:8
FNDA:1,(anonymous_0)
FNDA:6,apiVersionMiddleware
FNDA:2,deprecationWarningMiddleware
FNDA:2,(anonymous_3)
FNDA:3,(anonymous_4)
FNDA:2,(anonymous_5)
FNDA:2,(anonymous_6)
FNDA:2,(anonymous_7)
FNDA:0,autoTransformMiddleware
FNDA:0,(anonymous_9)
DA:22,1
DA:23,1
DA:24,1
DA:41,1
DA:45,6
DA:46,6
DA:47,2
DA:51,6
DA:52,2
DA:56,6
DA:57,1
DA:61,6
DA:64,6
DA:65,1
DA:70,1
DA:74,5
DA:77,5
DA:79,5
DA:85,1
DA:90,2
DA:91,2
DA:93,2
DA:94,1
DA:96,1
DA:97,1
DA:100,1
DA:103,2
DA:111,1
DA:117,3
DA:129,2
DA:130,2
DA:137,2
DA:139,2
DA:140,1
DA:143,1
DA:150,2
DA:151,1
DA:154,1
DA:161,1
DA:162,0
DA:165,0
DA:166,0
DA:170,0
DA:171,0
DA:172,0
DA:173,0
DA:176,0
LF:47
LH:39
BRDA:22,0,0,1
BRDA:22,0,1,1
BRDA:46,1,0,2
BRDA:46,1,1,4
BRDA:51,2,0,2
BRDA:51,2,1,4
BRDA:51,3,0,6
BRDA:51,3,1,4
BRDA:56,4,0,1
BRDA:56,4,1,5
BRDA:56,5,0,6
BRDA:56,5,1,2
BRDA:61,6,0,6
BRDA:61,6,1,1
BRDA:64,7,0,1
BRDA:64,7,1,5
BRDA:93,8,0,1
BRDA:93,8,1,1
BRDA:96,9,0,1
BRDA:96,9,1,0
BRDA:119,10,0,3
BRDA:119,10,1,2
BRDA:120,11,0,3
BRDA:120,11,1,3
BRDA:139,12,0,1
BRDA:139,12,1,1
BRDA:139,13,0,2
BRDA:139,13,1,1
BRDA:150,14,0,1
BRDA:150,14,1,1
BRDA:165,15,0,0
BRDA:165,15,1,0
BRF:32
BRH:29
end_of_record
TN:
SF:public/middleware/auth.ts
FN:34,authenticate
FN:65,generateToken
FNF:2
FNH:0
FNDA:0,authenticate
FNDA:0,generateToken
DA:18,0
DA:20,0
DA:21,0
DA:34,0
DA:35,0
DA:36,0
DA:39,0
DA:40,0
DA:41,0
DA:42,0
DA:46,0
DA:47,0
DA:48,0
DA:49,0
DA:50,0
DA:51,0
DA:52,0
DA:54,0
DA:55,0
DA:59,0
DA:65,0
DA:66,0
LF:22
LH:0
BRDA:20,0,0,0
BRDA:20,0,1,0
BRDA:21,1,0,0
BRDA:21,1,1,0
BRDA:39,2,0,0
BRDA:39,2,1,0
BRDA:39,3,0,0
BRDA:39,3,1,0
BRDA:46,4,0,0
BRDA:46,4,1,0
BRDA:65,5,0,0
BRF:11
BRH:0
end_of_record
TN:
SF:public/middleware/error-handler.ts
FN:22,errorHandler
FNF:1
FNH:0
FNDA:0,errorHandler
DA:22,2
DA:28,0
DA:30,0
LF:3
LH:1
BRDA:33,0,0,0
BRDA:33,0,1,0
BRF:2
BRH:0
end_of_record
TN:
SF:public/middleware/rbac.ts
FN:20,(anonymous_0)
FN:35,requirePermission
FN:36,(anonymous_2)
FN:56,requireAdmin
FNF:4
FNH:0
FNDA:0,(anonymous_0)
FNDA:0,requirePermission
FNDA:0,(anonymous_2)
FNDA:0,requireAdmin
DA:20,0
DA:21,0
DA:22,0
DA:23,0
DA:26,0
DA:35,0
DA:36,0
DA:37,0
DA:38,0
DA:39,0
DA:42,0
DA:44,0
DA:45,0
DA:46,0
DA:49,0
DA:56,0
DA:57,0
LF:17
LH:0
BRDA:20,0,0,0
BRDA:20,0,1,0
BRDA:37,1,0,0
BRDA:37,1,1,0
BRDA:42,2,0,0
BRDA:42,2,1,0
BRDA:44,3,0,0
BRDA:44,3,1,0
BRF:8
BRH:0
end_of_record
TN:
SF:public/middleware/request-logger.ts
FN:22,requestLogger
FN:30,(anonymous_1)
FNF:2
FNH:2
FNDA:33,requestLogger
FNDA:33,(anonymous_1)
DA:22,2
DA:27,33
DA:30,33
DA:31,33
DA:32,33
DA:35,33
LF:6
LH:6
BRF:0
BRH:0
end_of_record
TN:
SF:public/routes/agent-sessions.ts
FN:30,(anonymous_0)
FN:58,(anonymous_1)
FN:84,(anonymous_2)
FN:93,(anonymous_3)
FN:111,(anonymous_4)
FN:140,(anonymous_5)
FNF:6
FNH:6
FNDA:12,(anonymous_0)
FNDA:3,(anonymous_1)
FNDA:1,(anonymous_2)
FNDA:3,(anonymous_3)
FNDA:4,(anonymous_4)
FNDA:2,(anonymous_5)
DA:17,2
DA:18,2
DA:19,2
DA:21,2
DA:24,2
DA:30,2
DA:31,12
DA:32,12
DA:33,12
DA:34,1
DA:38,1
DA:41,11
DA:42,10
DA:44,1
DA:45,1
DA:48,1
DA:50,0
DA:58,2
DA:59,3
DA:61,3
DA:62,3
DA:63,1
DA:65,3
DA:67,1
DA:68,1
DA:69,1
DA:73,3
DA:74,3
DA:84,2
DA:85,1
DA:86,1
DA:93,2
DA:94,3
DA:95,3
DA:97,3
DA:98,2
DA:101,2
DA:104,1
DA:111,2
DA:112,4
DA:113,4
DA:114,4
DA:116,4
DA:117,1
DA:120,1
DA:123,3
DA:124,2
DA:126,1
DA:127,1
DA:130,1
DA:132,0
DA:140,2
DA:141,2
DA:142,2
DA:144,2
DA:145,1
DA:148,1
DA:151,1
LF:58
LH:56
BRDA:33,0,0,1
BRDA:33,0,1,11
BRDA:44,1,0,1
BRDA:44,1,1,0
BRDA:44,2,0,1
BRDA:44,2,1,1
BRDA:62,3,0,1
BRDA:62,3,1,2
BRDA:62,4,0,3
BRDA:62,4,1,1
BRDA:65,5,0,1
BRDA:65,5,1,2
BRDA:65,6,0,3
BRDA:65,6,1,1
BRDA:68,7,0,1
BRDA:68,7,1,0
BRDA:97,8,0,2
BRDA:97,8,1,1
BRDA:116,9,0,1
BRDA:116,9,1,3
BRDA:126,10,0,1
BRDA:126,10,1,0
BRDA:126,11,0,1
BRDA:126,11,1,1
BRDA:144,12,0,1
BRDA:144,12,1,1
BRF:26
BRH:23
end_of_record
TN:
SF:public/routes/anomaly.ts
FN:27,ensureEngineInitialized
FN:38,(anonymous_1)
FN:57,(anonymous_2)
FN:79,(anonymous_3)
FN:85,(anonymous_4)
FN:106,(anonymous_5)
FN:134,(anonymous_6)
FNF:7
FNH:0
FNDA:0,ensureEngineInitialized
FNDA:0,(anonymous_1)
FNDA:0,(anonymous_2)
FNDA:0,(anonymous_3)
FNDA:0,(anonymous_4)
FNDA:0,(anonymous_5)
FNDA:0,(anonymous_6)
DA:17,2
DA:18,2
DA:20,2
DA:23,2
DA:24,2
DA:28,0
DA:29,0
DA:30,0
DA:38,2
DA:39,0
DA:40,0
DA:41,0
DA:42,0
DA:44,0
DA:49,0
DA:57,2
DA:58,0
DA:59,0
DA:60,0
DA:61,0
DA:62,0
DA:63,0
DA:65,0
DA:71,0
DA:79,2
DA:80,0
DA:81,0
DA:82,0
DA:83,0
DA:85,0
DA:86,0
DA:87,0
DA:93,0
DA:98,0
DA:106,2
DA:107,0
DA:108,0
DA:109,0
DA:110,0
DA:112,0
DA:113,0
DA:115,0
DA:116,0
DA:119,0
DA:126,0
DA:134,2
DA:135,0
DA:136,0
DA:137,0
DA:138,0
DA:140,0
DA:144,0
DA:148,2
LF:53
LH:11
BRDA:28,0,0,0
BRDA:28,0,1,0
BRDA:61,1,0,0
BRDA:61,1,1,0
BRDA:115,2,0,0
BRDA:115,2,1,0
BRF:6
BRH:0
end_of_record
TN:
SF:public/routes/cache-routes.ts
FN:28,(anonymous_0)
FNF:1
FNH:1
FNDA:1,(anonymous_0)
DA:17,2
DA:18,2
DA:20,2
DA:22,2
DA:28,2
DA:29,1
DA:30,1
DA:31,1
DA:33,0
LF:9
LH:8
BRDA:35,0,0,0
BRDA:35,0,1,0
BRF:2
BRH:0
end_of_record
TN:
SF:public/routes/cost.ts
FN:33,(anonymous_0)
FN:66,(anonymous_1)
FNF:2
FNH:0
FNDA:0,(anonymous_0)
FNDA:0,(anonymous_1)
DA:1,2
DA:2,2
DA:4,2
DA:5,2
DA:6,2
DA:33,2
DA:34,0
DA:35,0
DA:36,0
DA:37,0
DA:39,0
DA:66,2
DA:67,0
DA:68,0
DA:69,0
DA:70,0
DA:72,0
LF:17
LH:7
BRF:0
BRH:0
end_of_record
TN:
SF:public/routes/health.ts
FN:29,(anonymous_0)
FN:59,(anonymous_1)
FN:71,(anonymous_2)
FN:105,(anonymous_3)
FN:122,(anonymous_4)
FN:139,(anonymous_5)
FNF:6
FNH:1
FNDA:1,(anonymous_0)
FNDA:0,(anonymous_1)
FNDA:0,(anonymous_2)
FNDA:0,(anonymous_3)
FNDA:0,(anonymous_4)
FNDA:0,(anonymous_5)
DA:17,2
DA:18,2
DA:20,2
DA:23,2
DA:29,2
DA:30,1
DA:31,1
DA:32,1
DA:34,1
DA:36,1
DA:46,0
DA:59,2
DA:60,0
DA:71,2
DA:72,0
DA:73,0
DA:76,0
DA:78,0
DA:79,0
DA:85,0
DA:93,0
DA:105,2
DA:106,0
DA:108,0
DA:109,0
DA:111,0
DA:122,2
DA:123,0
DA:125,0
DA:126,0
DA:128,0
DA:139,2
DA:140,0
DA:141,0
DA:143,0
DA:144,0
DA:149,0
DA:158,0
DA:163,0
LF:39
LH:15
BRDA:34,0,0,1
BRDA:34,0,1,0
BRDA:49,1,0,0
BRDA:49,1,1,0
BRDA:78,2,0,0
BRDA:78,2,1,0
BRDA:96,3,0,0
BRDA:96,3,1,0
BRDA:106,4,0,0
BRDA:106,4,1,0
BRDA:123,5,0,0
BRDA:123,5,1,0
BRDA:143,6,0,0
BRDA:143,6,1,0
BRDA:143,7,0,0
BRDA:143,7,1,0
BRDA:143,7,2,0
BRDA:143,7,3,0
BRDA:143,7,4,0
BRDA:164,8,0,0
BRDA:164,8,1,0
BRF:21
BRH:1
end_of_record
TN:
SF:public/routes/optimize.ts
FN:28,ensureEngineInitialized
FN:39,(anonymous_1)
FNF:2
FNH:2
FNDA:4,ensureEngineInitialized
FNDA:4,(anonymous_1)
DA:17,2
DA:18,2
DA:19,2
DA:21,2
DA:24,2
DA:25,2
DA:29,4
DA:30,1
DA:31,1
DA:39,2
DA:40,4
DA:41,4
DA:44,4
DA:45,4
DA:46,2
DA:50,2
DA:54,2
DA:57,2
DA:58,2
DA:60,0
DA:63,0
LF:21
LH:19
BRDA:29,0,0,1
BRDA:29,0,1,3
BRDA:45,1,0,2
BRDA:45,1,1,2
BRDA:57,2,0,2
BRDA:57,2,1,0
BRF:6
BRH:5
end_of_record
TN:
SF:public/routes/performance-metrics.ts
FN:26,(anonymous_0)
FNF:1
FNH:1
FNDA:1,(anonymous_0)
DA:17,2
DA:18,2
DA:20,2
DA:26,2
DA:27,1
DA:28,1
DA:30,1
LF:7
LH:7
BRF:0
BRH:0
end_of_record
TN:
SF:public/routes/plugins.ts
FN:27,ensureEngineInitialized
FN:38,(anonymous_1)
FN:44,(anonymous_2)
FN:66,(anonymous_3)
FN:93,(anonymous_4)
FN:113,(anonymous_5)
FN:133,(anonymous_6)
FN:149,(anonymous_7)
FN:172,(anonymous_8)
FNF:9
FNH:0
FNDA:0,ensureEngineInitialized
FNDA:0,(anonymous_1)
FNDA:0,(anonymous_2)
FNDA:0,(anonymous_3)
FNDA:0,(anonymous_4)
FNDA:0,(anonymous_5)
FNDA:0,(anonymous_6)
FNDA:0,(anonymous_7)
FNDA:0,(anonymous_8)
DA:17,2
DA:18,2
DA:20,2
DA:23,2
DA:24,2
DA:28,0
DA:29,0
DA:30,0
DA:38,2
DA:39,0
DA:40,0
DA:41,0
DA:42,0
DA:44,0
DA:53,0
DA:58,0
DA:66,2
DA:67,0
DA:68,0
DA:69,0
DA:70,0
DA:72,0
DA:73,0
DA:77,0
DA:80,0
DA:85,0
DA:93,2
DA:94,0
DA:95,0
DA:96,0
DA:98,0
DA:100,0
DA:105,0
DA:113,2
DA:114,0
DA:115,0
DA:116,0
DA:118,0
DA:120,0
DA:125,0
DA:133,2
DA:134,0
DA:135,0
DA:136,0
DA:137,0
DA:139,0
DA:141,0
DA:149,2
DA:150,0
DA:151,0
DA:152,0
DA:154,0
DA:155,0
DA:159,0
DA:164,0
DA:172,2
DA:173,0
DA:174,0
DA:175,0
DA:176,0
DA:178,0
DA:180,0
LF:62
LH:12
BRDA:28,0,0,0
BRDA:28,0,1,0
BRDA:72,1,0,0
BRDA:72,1,1,0
BRDA:155,2,0,0
BRDA:155,2,1,0
BRF:6
BRH:0
end_of_record
TN:
SF:public/routes/prometheus.ts
FN:29,(anonymous_0)
FNF:1
FNH:0
FNDA:0,(anonymous_0)
DA:17,2
DA:18,2
DA:20,2
DA:23,2
DA:29,2
DA:30,0
DA:31,0
DA:32,0
DA:34,0
LF:9
LH:5
BRF:0
BRH:0
end_of_record
TN:
SF:public/routes/swagger.ts
FN:50,(anonymous_10)
FN:56,(anonymous_11)
FN:64,(anonymous_12)
FNF:3
FNH:0
FNDA:0,(anonymous_10)
FNDA:0,(anonymous_11)
FNDA:0,(anonymous_12)
DA:17,2
DA:18,2
DA:19,2
DA:20,2
DA:21,2
DA:23,2
DA:26,2
DA:27,2
DA:29,0
DA:32,2
DA:33,2
DA:34,2
DA:36,0
DA:40,2
DA:46,2
DA:47,2
DA:48,2
DA:50,0
DA:51,0
DA:56,2
DA:57,0
DA:58,0
DA:60,0
DA:64,2
DA:65,0
DA:66,0
DA:67,0
DA:69,0
LF:28
LH:17
BRDA:27,0,0,0
BRDA:27,0,1,2
BRDA:33,1,0,2
BRDA:33,1,1,0
BRDA:46,2,0,2
BRDA:46,2,1,0
BRDA:57,3,0,0
BRDA:57,3,1,0
BRDA:65,4,0,0
BRDA:65,4,1,0
BRDA:65,5,0,0
BRDA:65,5,1,0
BRF:12
BRH:3
end_of_record
TN:
SF:public/websocket/server.ts
FN:34,(anonymous_0)
FN:45,(anonymous_1)
FN:46,(anonymous_2)
FN:49,(anonymous_3)
FN:54,(anonymous_4)
FN:59,(anonymous_5)
FN:68,(anonymous_6)
FN:79,(anonymous_7)
FN:86,(anonymous_8)
FN:93,(anonymous_9)
FN:104,(anonymous_10)
FNF:11
FNH:0
FNDA:0,(anonymous_0)
FNDA:0,(anonymous_1)
FNDA:0,(anonymous_2)
FNDA:0,(anonymous_3)
FNDA:0,(anonymous_4)
FNDA:0,(anonymous_5)
FNDA:0,(anonymous_6)
FNDA:0,(anonymous_7)
FNDA:0,(anonymous_8)
FNDA:0,(anonymous_9)
FNDA:0,(anonymous_10)
DA:18,0
DA:31,0
DA:35,0
DA:42,0
DA:46,0
DA:47,0
DA:49,0
DA:50,0
DA:51,0
DA:54,0
DA:55,0
DA:56,0
DA:59,0
DA:60,0
DA:69,0
DA:80,0
DA:87,0
DA:94,0
DA:105,0
LF:19
LH:0
BRF:0
BRH:0
end_of_record
TN:
SF:schemas/agent-session.ts
FNF:0
FNH:0
DA:14,3
DA:19,3
DA:24,3
DA:36,3
DA:45,3
DA:50,3
LF:6
LH:6
BRF:0
BRH:0
end_of_record
TN:
SF:schemas/detailed-schemas.ts
FNF:0
FNH:0
DA:14,0
DA:19,0
DA:25,0
DA:30,0
DA:38,0
DA:44,0
DA:50,0
DA:58,0
LF:8
LH:0
BRF:0
BRH:0
end_of_record
TN:
SF:schemas/validation.ts
FNF:0
FNH:0
DA:14,4
DA:16,4
DA:24,4
DA:32,4
DA:34,4
DA:41,4
DA:47,4
DA:55,4
LF:8
LH:8
BRF:0
BRH:0
end_of_record
TN:
SF:schemas/migrations/001-add-versioning.ts
FN:23,(anonymous_0)
FN:33,(anonymous_1)
FN:36,(anonymous_2)
FN:44,(anonymous_3)
FN:47,(anonymous_4)
FN:54,(anonymous_5)
FNF:6
FNH:0
FNDA:0,(anonymous_0)
FNDA:0,(anonymous_1)
FNDA:0,(anonymous_2)
FNDA:0,(anonymous_3)
FNDA:0,(anonymous_4)
FNDA:0,(anonymous_5)
DA:19,0
DA:24,0
DA:29,0
DA:30,0
DA:33,0
DA:37,0
DA:40,0
DA:41,0
DA:44,0
DA:49,0
DA:51,0
DA:56,0
DA:58,0
LF:13
LH:0
BRF:0
BRH:0
end_of_record
TN:
SF:schemas/migrations/002-add-metrics-retention.ts
FN:23,(anonymous_0)
FN:32,(anonymous_1)
FN:35,(anonymous_2)
FN:43,(anonymous_3)
FN:46,(anonymous_4)
FN:52,(anonymous_5)
FNF:6
FNH:0
FNDA:0,(anonymous_0)
FNDA:0,(anonymous_1)
FNDA:0,(anonymous_2)
FNDA:0,(anonymous_3)
FNDA:0,(anonymous_4)
FNDA:0,(anonymous_5)
DA:19,0
DA:24,0
DA:27,0
DA:28,0
DA:29,0
DA:32,0
DA:36,0
DA:38,0
DA:39,0
DA:40,0
DA:43,0
DA:47,0
DA:49,0
DA:53,0
DA:55,0
LF:15
LH:0
BRF:0
BRH:0
end_of_record
